0 info it worked if it ends with ok
1 verbose cli [ '/usr/bin/node', '/usr/bin/npm', 'i', '-g', 'mocha' ]
2 info using npm@3.5.2
3 info using node@v8.10.0
4 silly loadCurrentTree Starting
5 silly install loadCurrentTree
6 silly install readGlobalPackageData
7 silly fetchPackageMetaData mocha
8 silly fetchNamedPackageData mocha
9 silly mapToRegistry name mocha
10 silly mapToRegistry using default registry
11 silly mapToRegistry registry https://registry.npmjs.org/
12 silly mapToRegistry uri https://registry.npmjs.org/mocha
13 verbose request uri https://registry.npmjs.org/mocha
14 verbose request no auth needed
15 info attempt registry request try #1 at 8:31:31
16 verbose request id 0c07ff0bb0ff2eed
17 verbose etag W/"958d6760b51530aefa831607108b776a"
18 verbose lastModified Wed, 16 Jan 2019 19:40:12 GMT
19 http request GET https://registry.npmjs.org/mocha
20 http 304 https://registry.npmjs.org/mocha
21 verbose headers { date: 'Thu, 24 Jan 2019 14:31:31 GMT',
21 verbose headers   connection: 'keep-alive',
21 verbose headers   'set-cookie':
21 verbose headers    [ '__cfduid=d39b6bd0618c1729e525446b8b46a2a951548340291; expires=Fri, 24-Jan-20 14:31:31 GMT; path=/; domain=.registry.npmjs.org; HttpOnly' ],
21 verbose headers   'cf-cache-status': 'REVALIDATED',
21 verbose headers   'cache-control': 'max-age=300',
21 verbose headers   'cf-ray': '49e334466fa69a34-MFE',
21 verbose headers   etag: '"958d6760b51530aefa831607108b776a"',
21 verbose headers   'expect-ct': 'max-age=604800, report-uri="https://report-uri.cloudflare.com/cdn-cgi/beacon/expect-ct"',
21 verbose headers   'last-modified': 'Wed, 16 Jan 2019 19:40:12 GMT',
21 verbose headers   vary: 'accept-encoding, accept',
21 verbose headers   'x-amz-meta-rev': '1148-928cfdee84f6bbee5653009adc2b1900',
21 verbose headers   server: 'cloudflare' }
22 silly get cb [ 304,
22 silly get   { date: 'Thu, 24 Jan 2019 14:31:31 GMT',
22 silly get     connection: 'keep-alive',
22 silly get     'set-cookie':
22 silly get      [ '__cfduid=d39b6bd0618c1729e525446b8b46a2a951548340291; expires=Fri, 24-Jan-20 14:31:31 GMT; path=/; domain=.registry.npmjs.org; HttpOnly' ],
22 silly get     'cf-cache-status': 'REVALIDATED',
22 silly get     'cache-control': 'max-age=300',
22 silly get     'cf-ray': '49e334466fa69a34-MFE',
22 silly get     etag: '"958d6760b51530aefa831607108b776a"',
22 silly get     'expect-ct': 'max-age=604800, report-uri="https://report-uri.cloudflare.com/cdn-cgi/beacon/expect-ct"',
22 silly get     'last-modified': 'Wed, 16 Jan 2019 19:40:12 GMT',
22 silly get     vary: 'accept-encoding, accept',
22 silly get     'x-amz-meta-rev': '1148-928cfdee84f6bbee5653009adc2b1900',
22 silly get     server: 'cloudflare' } ]
23 verbose etag https://registry.npmjs.org/mocha from cache
24 verbose get saving mocha to /home/laboratoria162-am/.npm/registry.npmjs.org/mocha/.cache.json
25 silly install normalizeTree
26 silly loadCurrentTree Finishing
27 silly loadIdealTree Starting
28 silly install loadIdealTree
29 silly cloneCurrentTree Starting
30 silly install cloneCurrentTreeToIdealTree
31 silly cloneCurrentTree Finishing
32 silly loadShrinkwrap Starting
33 silly install loadShrinkwrap
34 silly loadShrinkwrap Finishing
35 silly loadAllDepsIntoIdealTree Starting
36 silly install loadAllDepsIntoIdealTree
37 silly resolveWithNewModule mocha@5.2.0 checking installable status
38 silly cache add args [ 'mocha', null ]
39 verbose cache add spec mocha
40 silly cache add parsed spec Result {
40 silly cache add   raw: 'mocha',
40 silly cache add   scope: null,
40 silly cache add   name: 'mocha',
40 silly cache add   rawSpec: '',
40 silly cache add   spec: 'latest',
40 silly cache add   type: 'tag' }
41 silly addNamed mocha@latest
42 verbose addNamed "latest" is being treated as a dist-tag for mocha
43 info addNameTag [ 'mocha', 'latest' ]
44 silly mapToRegistry name mocha
45 silly mapToRegistry using default registry
46 silly mapToRegistry registry https://registry.npmjs.org/
47 silly mapToRegistry uri https://registry.npmjs.org/mocha
48 verbose addNameTag registry:https://registry.npmjs.org/mocha not in flight; fetching
49 verbose get https://registry.npmjs.org/mocha not expired, no request
50 silly addNameTag next cb for mocha with tag latest
51 silly addNamed mocha@5.2.0
52 verbose addNamed "5.2.0" is a plain semver version for mocha
53 silly cache afterAdd mocha@5.2.0
54 verbose afterAdd /home/laboratoria162-am/.npm/mocha/5.2.0/package/package.json not in flight; writing
55 verbose afterAdd /home/laboratoria162-am/.npm/mocha/5.2.0/package/package.json written
56 silly fetchNamedPackageData browser-stdout
57 silly mapToRegistry name browser-stdout
58 silly mapToRegistry using default registry
59 silly mapToRegistry registry https://registry.npmjs.org/
60 silly mapToRegistry uri https://registry.npmjs.org/browser-stdout
61 silly fetchNamedPackageData commander
62 silly mapToRegistry name commander
63 silly mapToRegistry using default registry
64 silly mapToRegistry registry https://registry.npmjs.org/
65 silly mapToRegistry uri https://registry.npmjs.org/commander
66 silly fetchNamedPackageData debug
67 silly mapToRegistry name debug
68 silly mapToRegistry using default registry
69 silly mapToRegistry registry https://registry.npmjs.org/
70 silly mapToRegistry uri https://registry.npmjs.org/debug
71 silly fetchNamedPackageData diff
72 silly mapToRegistry name diff
73 silly mapToRegistry using default registry
74 silly mapToRegistry registry https://registry.npmjs.org/
75 silly mapToRegistry uri https://registry.npmjs.org/diff
76 silly fetchNamedPackageData escape-string-regexp
77 silly mapToRegistry name escape-string-regexp
78 silly mapToRegistry using default registry
79 silly mapToRegistry registry https://registry.npmjs.org/
80 silly mapToRegistry uri https://registry.npmjs.org/escape-string-regexp
81 silly fetchNamedPackageData glob
82 silly mapToRegistry name glob
83 silly mapToRegistry using default registry
84 silly mapToRegistry registry https://registry.npmjs.org/
85 silly mapToRegistry uri https://registry.npmjs.org/glob
86 silly fetchNamedPackageData growl
87 silly mapToRegistry name growl
88 silly mapToRegistry using default registry
89 silly mapToRegistry registry https://registry.npmjs.org/
90 silly mapToRegistry uri https://registry.npmjs.org/growl
91 silly fetchNamedPackageData he
92 silly mapToRegistry name he
93 silly mapToRegistry using default registry
94 silly mapToRegistry registry https://registry.npmjs.org/
95 silly mapToRegistry uri https://registry.npmjs.org/he
96 silly fetchNamedPackageData minimatch
97 silly mapToRegistry name minimatch
98 silly mapToRegistry using default registry
99 silly mapToRegistry registry https://registry.npmjs.org/
100 silly mapToRegistry uri https://registry.npmjs.org/minimatch
101 silly fetchNamedPackageData mkdirp
102 silly mapToRegistry name mkdirp
103 silly mapToRegistry using default registry
104 silly mapToRegistry registry https://registry.npmjs.org/
105 silly mapToRegistry uri https://registry.npmjs.org/mkdirp
106 silly fetchNamedPackageData supports-color
107 silly mapToRegistry name supports-color
108 silly mapToRegistry using default registry
109 silly mapToRegistry registry https://registry.npmjs.org/
110 silly mapToRegistry uri https://registry.npmjs.org/supports-color
111 verbose request uri https://registry.npmjs.org/browser-stdout
112 verbose request no auth needed
113 info attempt registry request try #1 at 8:31:32
114 verbose etag W/"ad7ee1c0c8f38e2f2bef40d5d7f48977"
115 verbose lastModified Sat, 26 May 2018 19:02:02 GMT
116 http request GET https://registry.npmjs.org/browser-stdout
117 verbose request uri https://registry.npmjs.org/escape-string-regexp
118 verbose request no auth needed
119 info attempt registry request try #1 at 8:31:32
120 verbose etag W/"7b9c9b5877ab081e6f93162c43fcc388"
121 verbose lastModified Sat, 26 May 2018 23:42:59 GMT
122 http request GET https://registry.npmjs.org/escape-string-regexp
123 verbose request uri https://registry.npmjs.org/commander
124 verbose request no auth needed
125 info attempt registry request try #1 at 8:31:32
126 verbose etag W/"eaa140feadc822f6ecfd55aef91fe881"
127 verbose lastModified Tue, 01 Jan 2019 14:54:38 GMT
128 http request GET https://registry.npmjs.org/commander
129 verbose request uri https://registry.npmjs.org/diff
130 verbose request no auth needed
131 info attempt registry request try #1 at 8:31:32
132 verbose etag W/"0a158cf16343e1494d529e268f1213fd"
133 verbose lastModified Mon, 07 Jan 2019 02:49:51 GMT
134 http request GET https://registry.npmjs.org/diff
135 verbose request uri https://registry.npmjs.org/growl
136 verbose request no auth needed
137 info attempt registry request try #1 at 8:31:32
138 verbose etag W/"03a81d3279ea8d2a06fb68c7d68a18c7"
139 verbose lastModified Sun, 27 May 2018 02:48:49 GMT
140 http request GET https://registry.npmjs.org/growl
141 verbose request uri https://registry.npmjs.org/glob
142 verbose request no auth needed
143 info attempt registry request try #1 at 8:31:32
144 verbose etag W/"6c24f80b15dd4675d44efcbfb93a21cb"
145 verbose lastModified Mon, 27 Aug 2018 05:05:09 GMT
146 http request GET https://registry.npmjs.org/glob
147 verbose request uri https://registry.npmjs.org/debug
148 verbose request no auth needed
149 info attempt registry request try #1 at 8:31:32
150 verbose etag W/"0a47fdeda4821c3cabdc036d59d85ba1"
151 verbose lastModified Wed, 02 Jan 2019 20:03:23 GMT
152 http request GET https://registry.npmjs.org/debug
153 verbose request uri https://registry.npmjs.org/mkdirp
154 verbose request no auth needed
155 info attempt registry request try #1 at 8:31:32
156 verbose etag W/"ada8927dab30a8226171e5034ce7d53f"
157 verbose lastModified Wed, 16 Jan 2019 11:19:37 GMT
158 http request GET https://registry.npmjs.org/mkdirp
159 verbose request uri https://registry.npmjs.org/he
160 verbose request no auth needed
161 info attempt registry request try #1 at 8:31:32
162 verbose etag W/"c39dcd127e6c6a5df91dd908ef025079"
163 verbose lastModified Fri, 04 Jan 2019 02:45:18 GMT
164 http request GET https://registry.npmjs.org/he
165 verbose request uri https://registry.npmjs.org/supports-color
166 verbose request no auth needed
167 info attempt registry request try #1 at 8:31:32
168 verbose etag W/"b11996c4cf75fd96237a6da76bb54447"
169 verbose lastModified Fri, 11 Jan 2019 07:09:37 GMT
170 http request GET https://registry.npmjs.org/supports-color
171 verbose request uri https://registry.npmjs.org/minimatch
172 verbose request no auth needed
173 info attempt registry request try #1 at 8:31:32
174 verbose etag W/"6e7e7da96df71be2863b8b8d1fcb5152"
175 verbose lastModified Sun, 27 May 2018 08:07:30 GMT
176 http request GET https://registry.npmjs.org/minimatch
177 http 304 https://registry.npmjs.org/debug
178 verbose headers { date: 'Thu, 24 Jan 2019 14:31:32 GMT',
178 verbose headers   connection: 'keep-alive',
178 verbose headers   'set-cookie':
178 verbose headers    [ '__cfduid=d16c0d7c0f609465bb3ac3cc15217a57e1548340292; expires=Fri, 24-Jan-20 14:31:32 GMT; path=/; domain=.registry.npmjs.org; HttpOnly' ],
178 verbose headers   'cf-cache-status': 'HIT',
178 verbose headers   'cache-control': 'max-age=300',
178 verbose headers   'cf-ray': '49e3344af8009a2e-MFE',
178 verbose headers   etag: '"0a47fdeda4821c3cabdc036d59d85ba1"',
178 verbose headers   'expect-ct': 'max-age=604800, report-uri="https://report-uri.cloudflare.com/cdn-cgi/beacon/expect-ct"',
178 verbose headers   'last-modified': 'Wed, 02 Jan 2019 20:03:23 GMT',
178 verbose headers   vary: 'accept-encoding, accept',
178 verbose headers   'x-amz-meta-rev': '901-d5a7726a6c12fb5b68b86f9674681f93',
178 verbose headers   server: 'cloudflare' }
179 silly get cb [ 304,
179 silly get   { date: 'Thu, 24 Jan 2019 14:31:32 GMT',
179 silly get     connection: 'keep-alive',
179 silly get     'set-cookie':
179 silly get      [ '__cfduid=d16c0d7c0f609465bb3ac3cc15217a57e1548340292; expires=Fri, 24-Jan-20 14:31:32 GMT; path=/; domain=.registry.npmjs.org; HttpOnly' ],
179 silly get     'cf-cache-status': 'HIT',
179 silly get     'cache-control': 'max-age=300',
179 silly get     'cf-ray': '49e3344af8009a2e-MFE',
179 silly get     etag: '"0a47fdeda4821c3cabdc036d59d85ba1"',
179 silly get     'expect-ct': 'max-age=604800, report-uri="https://report-uri.cloudflare.com/cdn-cgi/beacon/expect-ct"',
179 silly get     'last-modified': 'Wed, 02 Jan 2019 20:03:23 GMT',
179 silly get     vary: 'accept-encoding, accept',
179 silly get     'x-amz-meta-rev': '901-d5a7726a6c12fb5b68b86f9674681f93',
179 silly get     server: 'cloudflare' } ]
180 verbose etag https://registry.npmjs.org/debug from cache
181 verbose get saving debug to /home/laboratoria162-am/.npm/registry.npmjs.org/debug/.cache.json
182 http 304 https://registry.npmjs.org/commander
183 verbose headers { date: 'Thu, 24 Jan 2019 14:31:32 GMT',
183 verbose headers   connection: 'keep-alive',
183 verbose headers   'set-cookie':
183 verbose headers    [ '__cfduid=dfef691dcab48194055510f5f6df64ea51548340292; expires=Fri, 24-Jan-20 14:31:32 GMT; path=/; domain=.registry.npmjs.org; HttpOnly' ],
183 verbose headers   'cf-cache-status': 'HIT',
183 verbose headers   'cache-control': 'max-age=300',
183 verbose headers   'cf-ray': '49e3344ae9ad9a76-MFE',
183 verbose headers   etag: '"eaa140feadc822f6ecfd55aef91fe881"',
183 verbose headers   'expect-ct': 'max-age=604800, report-uri="https://report-uri.cloudflare.com/cdn-cgi/beacon/expect-ct"',
183 verbose headers   'last-modified': 'Tue, 01 Jan 2019 14:54:38 GMT',
183 verbose headers   vary: 'accept-encoding, accept',
183 verbose headers   'x-amz-meta-rev': '1317-6e47cf681789e53062625120e2d448eb',
183 verbose headers   server: 'cloudflare' }
184 silly get cb [ 304,
184 silly get   { date: 'Thu, 24 Jan 2019 14:31:32 GMT',
184 silly get     connection: 'keep-alive',
184 silly get     'set-cookie':
184 silly get      [ '__cfduid=dfef691dcab48194055510f5f6df64ea51548340292; expires=Fri, 24-Jan-20 14:31:32 GMT; path=/; domain=.registry.npmjs.org; HttpOnly' ],
184 silly get     'cf-cache-status': 'HIT',
184 silly get     'cache-control': 'max-age=300',
184 silly get     'cf-ray': '49e3344ae9ad9a76-MFE',
184 silly get     etag: '"eaa140feadc822f6ecfd55aef91fe881"',
184 silly get     'expect-ct': 'max-age=604800, report-uri="https://report-uri.cloudflare.com/cdn-cgi/beacon/expect-ct"',
184 silly get     'last-modified': 'Tue, 01 Jan 2019 14:54:38 GMT',
184 silly get     vary: 'accept-encoding, accept',
184 silly get     'x-amz-meta-rev': '1317-6e47cf681789e53062625120e2d448eb',
184 silly get     server: 'cloudflare' } ]
185 verbose etag https://registry.npmjs.org/commander from cache
186 verbose get saving commander to /home/laboratoria162-am/.npm/registry.npmjs.org/commander/.cache.json
187 http 304 https://registry.npmjs.org/escape-string-regexp
188 verbose headers { date: 'Thu, 24 Jan 2019 14:31:32 GMT',
188 verbose headers   connection: 'keep-alive',
188 verbose headers   'set-cookie':
188 verbose headers    [ '__cfduid=d65d6c71185b895dacbe737fb9c107c3b1548340292; expires=Fri, 24-Jan-20 14:31:32 GMT; path=/; domain=.registry.npmjs.org; HttpOnly' ],
188 verbose headers   'cf-cache-status': 'HIT',
188 verbose headers   'cache-control': 'max-age=300',
188 verbose headers   'cf-ray': '49e3344aff289a88-MFE',
188 verbose headers   etag: '"7b9c9b5877ab081e6f93162c43fcc388"',
188 verbose headers   'expect-ct': 'max-age=604800, report-uri="https://report-uri.cloudflare.com/cdn-cgi/beacon/expect-ct"',
188 verbose headers   'last-modified': 'Sat, 26 May 2018 23:42:59 GMT',
188 verbose headers   vary: 'accept-encoding, accept',
188 verbose headers   server: 'cloudflare' }
189 silly get cb [ 304,
189 silly get   { date: 'Thu, 24 Jan 2019 14:31:32 GMT',
189 silly get     connection: 'keep-alive',
189 silly get     'set-cookie':
189 silly get      [ '__cfduid=d65d6c71185b895dacbe737fb9c107c3b1548340292; expires=Fri, 24-Jan-20 14:31:32 GMT; path=/; domain=.registry.npmjs.org; HttpOnly' ],
189 silly get     'cf-cache-status': 'HIT',
189 silly get     'cache-control': 'max-age=300',
189 silly get     'cf-ray': '49e3344aff289a88-MFE',
189 silly get     etag: '"7b9c9b5877ab081e6f93162c43fcc388"',
189 silly get     'expect-ct': 'max-age=604800, report-uri="https://report-uri.cloudflare.com/cdn-cgi/beacon/expect-ct"',
189 silly get     'last-modified': 'Sat, 26 May 2018 23:42:59 GMT',
189 silly get     vary: 'accept-encoding, accept',
189 silly get     server: 'cloudflare' } ]
190 verbose etag https://registry.npmjs.org/escape-string-regexp from cache
191 verbose get saving escape-string-regexp to /home/laboratoria162-am/.npm/registry.npmjs.org/escape-string-regexp/.cache.json
192 http 304 https://registry.npmjs.org/supports-color
193 verbose headers { date: 'Thu, 24 Jan 2019 14:31:32 GMT',
193 verbose headers   connection: 'keep-alive',
193 verbose headers   'set-cookie':
193 verbose headers    [ '__cfduid=d28ffc3107d2823e93c60dc7de2cae7c81548340292; expires=Fri, 24-Jan-20 14:31:32 GMT; path=/; domain=.registry.npmjs.org; HttpOnly' ],
193 verbose headers   'cf-cache-status': 'HIT',
193 verbose headers   'cache-control': 'max-age=300',
193 verbose headers   'cf-ray': '49e3344b0d009a8e-MFE',
193 verbose headers   etag: '"b11996c4cf75fd96237a6da76bb54447"',
193 verbose headers   'expect-ct': 'max-age=604800, report-uri="https://report-uri.cloudflare.com/cdn-cgi/beacon/expect-ct"',
193 verbose headers   'last-modified': 'Fri, 11 Jan 2019 07:09:37 GMT',
193 verbose headers   vary: 'accept-encoding, accept',
193 verbose headers   'x-amz-meta-rev': '79-c1da8c5a4eb5a7f9a42c1f8982871c74',
193 verbose headers   server: 'cloudflare' }
194 silly get cb [ 304,
194 silly get   { date: 'Thu, 24 Jan 2019 14:31:32 GMT',
194 silly get     connection: 'keep-alive',
194 silly get     'set-cookie':
194 silly get      [ '__cfduid=d28ffc3107d2823e93c60dc7de2cae7c81548340292; expires=Fri, 24-Jan-20 14:31:32 GMT; path=/; domain=.registry.npmjs.org; HttpOnly' ],
194 silly get     'cf-cache-status': 'HIT',
194 silly get     'cache-control': 'max-age=300',
194 silly get     'cf-ray': '49e3344b0d009a8e-MFE',
194 silly get     etag: '"b11996c4cf75fd96237a6da76bb54447"',
194 silly get     'expect-ct': 'max-age=604800, report-uri="https://report-uri.cloudflare.com/cdn-cgi/beacon/expect-ct"',
194 silly get     'last-modified': 'Fri, 11 Jan 2019 07:09:37 GMT',
194 silly get     vary: 'accept-encoding, accept',
194 silly get     'x-amz-meta-rev': '79-c1da8c5a4eb5a7f9a42c1f8982871c74',
194 silly get     server: 'cloudflare' } ]
195 verbose etag https://registry.npmjs.org/supports-color from cache
196 verbose get saving supports-color to /home/laboratoria162-am/.npm/registry.npmjs.org/supports-color/.cache.json
197 http 304 https://registry.npmjs.org/mkdirp
198 verbose headers { date: 'Thu, 24 Jan 2019 14:31:32 GMT',
198 verbose headers   connection: 'keep-alive',
198 verbose headers   'set-cookie':
198 verbose headers    [ '__cfduid=d40ab960f6bfe41a9a890cc55c903623e1548340292; expires=Fri, 24-Jan-20 14:31:32 GMT; path=/; domain=.registry.npmjs.org; HttpOnly' ],
198 verbose headers   'cf-cache-status': 'HIT',
198 verbose headers   'cache-control': 'max-age=300',
198 verbose headers   'cf-ray': '49e3344b09ca9a82-MFE',
198 verbose headers   etag: '"ada8927dab30a8226171e5034ce7d53f"',
198 verbose headers   'expect-ct': 'max-age=604800, report-uri="https://report-uri.cloudflare.com/cdn-cgi/beacon/expect-ct"',
198 verbose headers   'last-modified': 'Wed, 16 Jan 2019 11:19:37 GMT',
198 verbose headers   vary: 'accept-encoding, accept',
198 verbose headers   'x-amz-meta-rev': '448-e1a5c993b3a3083c55fddbd11f2e3b03',
198 verbose headers   server: 'cloudflare' }
199 silly get cb [ 304,
199 silly get   { date: 'Thu, 24 Jan 2019 14:31:32 GMT',
199 silly get     connection: 'keep-alive',
199 silly get     'set-cookie':
199 silly get      [ '__cfduid=d40ab960f6bfe41a9a890cc55c903623e1548340292; expires=Fri, 24-Jan-20 14:31:32 GMT; path=/; domain=.registry.npmjs.org; HttpOnly' ],
199 silly get     'cf-cache-status': 'HIT',
199 silly get     'cache-control': 'max-age=300',
199 silly get     'cf-ray': '49e3344b09ca9a82-MFE',
199 silly get     etag: '"ada8927dab30a8226171e5034ce7d53f"',
199 silly get     'expect-ct': 'max-age=604800, report-uri="https://report-uri.cloudflare.com/cdn-cgi/beacon/expect-ct"',
199 silly get     'last-modified': 'Wed, 16 Jan 2019 11:19:37 GMT',
199 silly get     vary: 'accept-encoding, accept',
199 silly get     'x-amz-meta-rev': '448-e1a5c993b3a3083c55fddbd11f2e3b03',
199 silly get     server: 'cloudflare' } ]
200 verbose etag https://registry.npmjs.org/mkdirp from cache
201 verbose get saving mkdirp to /home/laboratoria162-am/.npm/registry.npmjs.org/mkdirp/.cache.json
202 silly resolveWithNewModule commander@2.15.1 checking installable status
203 silly cache add args [ 'commander@2.15.1', null ]
204 verbose cache add spec commander@2.15.1
205 silly cache add parsed spec Result {
205 silly cache add   raw: 'commander@2.15.1',
205 silly cache add   scope: null,
205 silly cache add   name: 'commander',
205 silly cache add   rawSpec: '2.15.1',
205 silly cache add   spec: '2.15.1',
205 silly cache add   type: 'version' }
206 silly addNamed commander@2.15.1
207 verbose addNamed "2.15.1" is a plain semver version for commander
208 silly mapToRegistry name commander
209 silly mapToRegistry using default registry
210 silly mapToRegistry registry https://registry.npmjs.org/
211 silly mapToRegistry uri https://registry.npmjs.org/commander
212 verbose addNameVersion registry:https://registry.npmjs.org/commander not in flight; fetching
213 silly resolveWithNewModule debug@3.1.0 checking installable status
214 silly cache add args [ 'debug@3.1.0', null ]
215 verbose cache add spec debug@3.1.0
216 silly cache add parsed spec Result {
216 silly cache add   raw: 'debug@3.1.0',
216 silly cache add   scope: null,
216 silly cache add   name: 'debug',
216 silly cache add   rawSpec: '3.1.0',
216 silly cache add   spec: '3.1.0',
216 silly cache add   type: 'version' }
217 silly addNamed debug@3.1.0
218 verbose addNamed "3.1.0" is a plain semver version for debug
219 silly mapToRegistry name debug
220 silly mapToRegistry using default registry
221 silly mapToRegistry registry https://registry.npmjs.org/
222 silly mapToRegistry uri https://registry.npmjs.org/debug
223 verbose addNameVersion registry:https://registry.npmjs.org/debug not in flight; fetching
224 silly resolveWithNewModule escape-string-regexp@1.0.5 checking installable status
225 silly cache add args [ 'escape-string-regexp@1.0.5', null ]
226 verbose cache add spec escape-string-regexp@1.0.5
227 silly cache add parsed spec Result {
227 silly cache add   raw: 'escape-string-regexp@1.0.5',
227 silly cache add   scope: null,
227 silly cache add   name: 'escape-string-regexp',
227 silly cache add   rawSpec: '1.0.5',
227 silly cache add   spec: '1.0.5',
227 silly cache add   type: 'version' }
228 silly addNamed escape-string-regexp@1.0.5
229 verbose addNamed "1.0.5" is a plain semver version for escape-string-regexp
230 silly mapToRegistry name escape-string-regexp
231 silly mapToRegistry using default registry
232 silly mapToRegistry registry https://registry.npmjs.org/
233 silly mapToRegistry uri https://registry.npmjs.org/escape-string-regexp
234 verbose addNameVersion registry:https://registry.npmjs.org/escape-string-regexp not in flight; fetching
235 verbose get https://registry.npmjs.org/commander not expired, no request
236 silly resolveWithNewModule supports-color@5.4.0 checking installable status
237 silly cache add args [ 'supports-color@5.4.0', null ]
238 verbose cache add spec supports-color@5.4.0
239 silly cache add parsed spec Result {
239 silly cache add   raw: 'supports-color@5.4.0',
239 silly cache add   scope: null,
239 silly cache add   name: 'supports-color',
239 silly cache add   rawSpec: '5.4.0',
239 silly cache add   spec: '5.4.0',
239 silly cache add   type: 'version' }
240 silly addNamed supports-color@5.4.0
241 verbose addNamed "5.4.0" is a plain semver version for supports-color
242 silly mapToRegistry name supports-color
243 silly mapToRegistry using default registry
244 silly mapToRegistry registry https://registry.npmjs.org/
245 silly mapToRegistry uri https://registry.npmjs.org/supports-color
246 verbose addNameVersion registry:https://registry.npmjs.org/supports-color not in flight; fetching
247 verbose get https://registry.npmjs.org/debug not expired, no request
248 silly resolveWithNewModule mkdirp@0.5.1 checking installable status
249 silly cache add args [ 'mkdirp@0.5.1', null ]
250 verbose cache add spec mkdirp@0.5.1
251 silly cache add parsed spec Result {
251 silly cache add   raw: 'mkdirp@0.5.1',
251 silly cache add   scope: null,
251 silly cache add   name: 'mkdirp',
251 silly cache add   rawSpec: '0.5.1',
251 silly cache add   spec: '0.5.1',
251 silly cache add   type: 'version' }
252 silly addNamed mkdirp@0.5.1
253 verbose addNamed "0.5.1" is a plain semver version for mkdirp
254 silly mapToRegistry name mkdirp
255 silly mapToRegistry using default registry
256 silly mapToRegistry registry https://registry.npmjs.org/
257 silly mapToRegistry uri https://registry.npmjs.org/mkdirp
258 verbose addNameVersion registry:https://registry.npmjs.org/mkdirp not in flight; fetching
259 verbose get https://registry.npmjs.org/escape-string-regexp not expired, no request
260 verbose get https://registry.npmjs.org/supports-color not expired, no request
261 verbose get https://registry.npmjs.org/mkdirp not expired, no request
262 silly cache afterAdd commander@2.15.1
263 verbose afterAdd /home/laboratoria162-am/.npm/commander/2.15.1/package/package.json not in flight; writing
264 silly cache afterAdd debug@3.1.0
265 verbose afterAdd /home/laboratoria162-am/.npm/debug/3.1.0/package/package.json not in flight; writing
266 silly cache afterAdd escape-string-regexp@1.0.5
267 verbose afterAdd /home/laboratoria162-am/.npm/escape-string-regexp/1.0.5/package/package.json not in flight; writing
268 silly cache afterAdd supports-color@5.4.0
269 verbose afterAdd /home/laboratoria162-am/.npm/supports-color/5.4.0/package/package.json not in flight; writing
270 verbose afterAdd /home/laboratoria162-am/.npm/commander/2.15.1/package/package.json written
271 verbose afterAdd /home/laboratoria162-am/.npm/debug/3.1.0/package/package.json written
272 silly cache afterAdd mkdirp@0.5.1
273 verbose afterAdd /home/laboratoria162-am/.npm/mkdirp/0.5.1/package/package.json not in flight; writing
274 verbose afterAdd /home/laboratoria162-am/.npm/escape-string-regexp/1.0.5/package/package.json written
275 verbose afterAdd /home/laboratoria162-am/.npm/supports-color/5.4.0/package/package.json written
276 verbose afterAdd /home/laboratoria162-am/.npm/mkdirp/0.5.1/package/package.json written
277 http 304 https://registry.npmjs.org/browser-stdout
278 verbose headers { date: 'Thu, 24 Jan 2019 14:31:32 GMT',
278 verbose headers   connection: 'keep-alive',
278 verbose headers   'set-cookie':
278 verbose headers    [ '__cfduid=dfce8a9b7fa38be972473d5b1ea748e151548340292; expires=Fri, 24-Jan-20 14:31:32 GMT; path=/; domain=.registry.npmjs.org; HttpOnly' ],
278 verbose headers   'cf-cache-status': 'REVALIDATED',
278 verbose headers   'cache-control': 'max-age=300',
278 verbose headers   'cf-ray': '49e3344a7a8a9a34-MFE',
278 verbose headers   etag: '"ad7ee1c0c8f38e2f2bef40d5d7f48977"',
278 verbose headers   'expect-ct': 'max-age=604800, report-uri="https://report-uri.cloudflare.com/cdn-cgi/beacon/expect-ct"',
278 verbose headers   'last-modified': 'Sat, 26 May 2018 19:02:02 GMT',
278 verbose headers   vary: 'accept-encoding, accept',
278 verbose headers   server: 'cloudflare' }
279 silly get cb [ 304,
279 silly get   { date: 'Thu, 24 Jan 2019 14:31:32 GMT',
279 silly get     connection: 'keep-alive',
279 silly get     'set-cookie':
279 silly get      [ '__cfduid=dfce8a9b7fa38be972473d5b1ea748e151548340292; expires=Fri, 24-Jan-20 14:31:32 GMT; path=/; domain=.registry.npmjs.org; HttpOnly' ],
279 silly get     'cf-cache-status': 'REVALIDATED',
279 silly get     'cache-control': 'max-age=300',
279 silly get     'cf-ray': '49e3344a7a8a9a34-MFE',
279 silly get     etag: '"ad7ee1c0c8f38e2f2bef40d5d7f48977"',
279 silly get     'expect-ct': 'max-age=604800, report-uri="https://report-uri.cloudflare.com/cdn-cgi/beacon/expect-ct"',
279 silly get     'last-modified': 'Sat, 26 May 2018 19:02:02 GMT',
279 silly get     vary: 'accept-encoding, accept',
279 silly get     server: 'cloudflare' } ]
280 verbose etag https://registry.npmjs.org/browser-stdout from cache
281 verbose get saving browser-stdout to /home/laboratoria162-am/.npm/registry.npmjs.org/browser-stdout/.cache.json
282 silly resolveWithNewModule browser-stdout@1.3.1 checking installable status
283 silly cache add args [ 'browser-stdout@1.3.1', null ]
284 verbose cache add spec browser-stdout@1.3.1
285 silly cache add parsed spec Result {
285 silly cache add   raw: 'browser-stdout@1.3.1',
285 silly cache add   scope: null,
285 silly cache add   name: 'browser-stdout',
285 silly cache add   rawSpec: '1.3.1',
285 silly cache add   spec: '1.3.1',
285 silly cache add   type: 'version' }
286 silly addNamed browser-stdout@1.3.1
287 verbose addNamed "1.3.1" is a plain semver version for browser-stdout
288 silly mapToRegistry name browser-stdout
289 silly mapToRegistry using default registry
290 silly mapToRegistry registry https://registry.npmjs.org/
291 silly mapToRegistry uri https://registry.npmjs.org/browser-stdout
292 verbose addNameVersion registry:https://registry.npmjs.org/browser-stdout not in flight; fetching
293 verbose get https://registry.npmjs.org/browser-stdout not expired, no request
294 silly cache afterAdd browser-stdout@1.3.1
295 verbose afterAdd /home/laboratoria162-am/.npm/browser-stdout/1.3.1/package/package.json not in flight; writing
296 verbose afterAdd /home/laboratoria162-am/.npm/browser-stdout/1.3.1/package/package.json written
297 http 304 https://registry.npmjs.org/glob
298 verbose headers { date: 'Thu, 24 Jan 2019 14:31:32 GMT',
298 verbose headers   connection: 'keep-alive',
298 verbose headers   'set-cookie':
298 verbose headers    [ '__cfduid=d28ffc3107d2823e93c60dc7de2cae7c81548340292; expires=Fri, 24-Jan-20 14:31:32 GMT; path=/; domain=.registry.npmjs.org; HttpOnly' ],
298 verbose headers   'cf-cache-status': 'REVALIDATED',
298 verbose headers   'cache-control': 'max-age=300',
298 verbose headers   'cf-ray': '49e3344afcf49a8e-MFE',
298 verbose headers   etag: '"6c24f80b15dd4675d44efcbfb93a21cb"',
298 verbose headers   'expect-ct': 'max-age=604800, report-uri="https://report-uri.cloudflare.com/cdn-cgi/beacon/expect-ct"',
298 verbose headers   'last-modified': 'Mon, 27 Aug 2018 05:05:09 GMT',
298 verbose headers   vary: 'accept-encoding, accept',
298 verbose headers   server: 'cloudflare' }
299 silly get cb [ 304,
299 silly get   { date: 'Thu, 24 Jan 2019 14:31:32 GMT',
299 silly get     connection: 'keep-alive',
299 silly get     'set-cookie':
299 silly get      [ '__cfduid=d28ffc3107d2823e93c60dc7de2cae7c81548340292; expires=Fri, 24-Jan-20 14:31:32 GMT; path=/; domain=.registry.npmjs.org; HttpOnly' ],
299 silly get     'cf-cache-status': 'REVALIDATED',
299 silly get     'cache-control': 'max-age=300',
299 silly get     'cf-ray': '49e3344afcf49a8e-MFE',
299 silly get     etag: '"6c24f80b15dd4675d44efcbfb93a21cb"',
299 silly get     'expect-ct': 'max-age=604800, report-uri="https://report-uri.cloudflare.com/cdn-cgi/beacon/expect-ct"',
299 silly get     'last-modified': 'Mon, 27 Aug 2018 05:05:09 GMT',
299 silly get     vary: 'accept-encoding, accept',
299 silly get     server: 'cloudflare' } ]
300 verbose etag https://registry.npmjs.org/glob from cache
301 verbose get saving glob to /home/laboratoria162-am/.npm/registry.npmjs.org/glob/.cache.json
302 silly resolveWithNewModule glob@7.1.2 checking installable status
303 silly cache add args [ 'glob@7.1.2', null ]
304 verbose cache add spec glob@7.1.2
305 silly cache add parsed spec Result {
305 silly cache add   raw: 'glob@7.1.2',
305 silly cache add   scope: null,
305 silly cache add   name: 'glob',
305 silly cache add   rawSpec: '7.1.2',
305 silly cache add   spec: '7.1.2',
305 silly cache add   type: 'version' }
306 silly addNamed glob@7.1.2
307 verbose addNamed "7.1.2" is a plain semver version for glob
308 silly mapToRegistry name glob
309 silly mapToRegistry using default registry
310 silly mapToRegistry registry https://registry.npmjs.org/
311 silly mapToRegistry uri https://registry.npmjs.org/glob
312 verbose addNameVersion registry:https://registry.npmjs.org/glob not in flight; fetching
313 verbose get https://registry.npmjs.org/glob not expired, no request
314 http 304 https://registry.npmjs.org/diff
315 verbose headers { date: 'Thu, 24 Jan 2019 14:31:32 GMT',
315 verbose headers   connection: 'keep-alive',
315 verbose headers   'set-cookie':
315 verbose headers    [ '__cfduid=dfce8a9b7fa38be972473d5b1ea748e151548340292; expires=Fri, 24-Jan-20 14:31:32 GMT; path=/; domain=.registry.npmjs.org; HttpOnly' ],
315 verbose headers   'cf-cache-status': 'REVALIDATED',
315 verbose headers   'cache-control': 'max-age=300',
315 verbose headers   'cf-ray': '49e3344b0aec9a34-MFE',
315 verbose headers   etag: '"0a158cf16343e1494d529e268f1213fd"',
315 verbose headers   'expect-ct': 'max-age=604800, report-uri="https://report-uri.cloudflare.com/cdn-cgi/beacon/expect-ct"',
315 verbose headers   'last-modified': 'Mon, 07 Jan 2019 02:49:51 GMT',
315 verbose headers   vary: 'accept-encoding, accept',
315 verbose headers   'x-amz-meta-rev': '153-f2c46a10e1c25e7cf9d25ee86608dcbb',
315 verbose headers   server: 'cloudflare' }
316 silly get cb [ 304,
316 silly get   { date: 'Thu, 24 Jan 2019 14:31:32 GMT',
316 silly get     connection: 'keep-alive',
316 silly get     'set-cookie':
316 silly get      [ '__cfduid=dfce8a9b7fa38be972473d5b1ea748e151548340292; expires=Fri, 24-Jan-20 14:31:32 GMT; path=/; domain=.registry.npmjs.org; HttpOnly' ],
316 silly get     'cf-cache-status': 'REVALIDATED',
316 silly get     'cache-control': 'max-age=300',
316 silly get     'cf-ray': '49e3344b0aec9a34-MFE',
316 silly get     etag: '"0a158cf16343e1494d529e268f1213fd"',
316 silly get     'expect-ct': 'max-age=604800, report-uri="https://report-uri.cloudflare.com/cdn-cgi/beacon/expect-ct"',
316 silly get     'last-modified': 'Mon, 07 Jan 2019 02:49:51 GMT',
316 silly get     vary: 'accept-encoding, accept',
316 silly get     'x-amz-meta-rev': '153-f2c46a10e1c25e7cf9d25ee86608dcbb',
316 silly get     server: 'cloudflare' } ]
317 verbose etag https://registry.npmjs.org/diff from cache
318 verbose get saving diff to /home/laboratoria162-am/.npm/registry.npmjs.org/diff/.cache.json
319 http 304 https://registry.npmjs.org/growl
320 verbose headers { date: 'Thu, 24 Jan 2019 14:31:32 GMT',
320 verbose headers   connection: 'keep-alive',
320 verbose headers   'set-cookie':
320 verbose headers    [ '__cfduid=d7dde7483c9d85cce2ddaa557d04634771548340292; expires=Fri, 24-Jan-20 14:31:32 GMT; path=/; domain=.registry.npmjs.org; HttpOnly' ],
320 verbose headers   'cf-cache-status': 'REVALIDATED',
320 verbose headers   'cache-control': 'max-age=300',
320 verbose headers   'cf-ray': '49e3344af8719a46-MFE',
320 verbose headers   etag: '"03a81d3279ea8d2a06fb68c7d68a18c7"',
320 verbose headers   'expect-ct': 'max-age=604800, report-uri="https://report-uri.cloudflare.com/cdn-cgi/beacon/expect-ct"',
320 verbose headers   'last-modified': 'Sun, 27 May 2018 02:48:49 GMT',
320 verbose headers   vary: 'accept-encoding, accept',
320 verbose headers   server: 'cloudflare' }
321 silly get cb [ 304,
321 silly get   { date: 'Thu, 24 Jan 2019 14:31:32 GMT',
321 silly get     connection: 'keep-alive',
321 silly get     'set-cookie':
321 silly get      [ '__cfduid=d7dde7483c9d85cce2ddaa557d04634771548340292; expires=Fri, 24-Jan-20 14:31:32 GMT; path=/; domain=.registry.npmjs.org; HttpOnly' ],
321 silly get     'cf-cache-status': 'REVALIDATED',
321 silly get     'cache-control': 'max-age=300',
321 silly get     'cf-ray': '49e3344af8719a46-MFE',
321 silly get     etag: '"03a81d3279ea8d2a06fb68c7d68a18c7"',
321 silly get     'expect-ct': 'max-age=604800, report-uri="https://report-uri.cloudflare.com/cdn-cgi/beacon/expect-ct"',
321 silly get     'last-modified': 'Sun, 27 May 2018 02:48:49 GMT',
321 silly get     vary: 'accept-encoding, accept',
321 silly get     server: 'cloudflare' } ]
322 verbose etag https://registry.npmjs.org/growl from cache
323 verbose get saving growl to /home/laboratoria162-am/.npm/registry.npmjs.org/growl/.cache.json
324 http 304 https://registry.npmjs.org/he
325 verbose headers { date: 'Thu, 24 Jan 2019 14:31:32 GMT',
325 verbose headers   connection: 'keep-alive',
325 verbose headers   'set-cookie':
325 verbose headers    [ '__cfduid=d7dde7483c9d85cce2ddaa557d04634771548340292; expires=Fri, 24-Jan-20 14:31:32 GMT; path=/; domain=.registry.npmjs.org; HttpOnly' ],
325 verbose headers   'cf-cache-status': 'REVALIDATED',
325 verbose headers   'cache-control': 'max-age=300',
325 verbose headers   'cf-ray': '49e3344b08819a46-MFE',
325 verbose headers   etag: '"c39dcd127e6c6a5df91dd908ef025079"',
325 verbose headers   'expect-ct': 'max-age=604800, report-uri="https://report-uri.cloudflare.com/cdn-cgi/beacon/expect-ct"',
325 verbose headers   'last-modified': 'Fri, 04 Jan 2019 02:45:18 GMT',
325 verbose headers   vary: 'accept-encoding, accept',
325 verbose headers   'x-amz-meta-rev': '100-4f7fd5b625043d1a4783854b92b4b90d',
325 verbose headers   server: 'cloudflare' }
326 silly get cb [ 304,
326 silly get   { date: 'Thu, 24 Jan 2019 14:31:32 GMT',
326 silly get     connection: 'keep-alive',
326 silly get     'set-cookie':
326 silly get      [ '__cfduid=d7dde7483c9d85cce2ddaa557d04634771548340292; expires=Fri, 24-Jan-20 14:31:32 GMT; path=/; domain=.registry.npmjs.org; HttpOnly' ],
326 silly get     'cf-cache-status': 'REVALIDATED',
326 silly get     'cache-control': 'max-age=300',
326 silly get     'cf-ray': '49e3344b08819a46-MFE',
326 silly get     etag: '"c39dcd127e6c6a5df91dd908ef025079"',
326 silly get     'expect-ct': 'max-age=604800, report-uri="https://report-uri.cloudflare.com/cdn-cgi/beacon/expect-ct"',
326 silly get     'last-modified': 'Fri, 04 Jan 2019 02:45:18 GMT',
326 silly get     vary: 'accept-encoding, accept',
326 silly get     'x-amz-meta-rev': '100-4f7fd5b625043d1a4783854b92b4b90d',
326 silly get     server: 'cloudflare' } ]
327 verbose etag https://registry.npmjs.org/he from cache
328 verbose get saving he to /home/laboratoria162-am/.npm/registry.npmjs.org/he/.cache.json
329 silly cache afterAdd glob@7.1.2
330 verbose afterAdd /home/laboratoria162-am/.npm/glob/7.1.2/package/package.json not in flight; writing
331 silly resolveWithNewModule diff@3.5.0 checking installable status
332 silly cache add args [ 'diff@3.5.0', null ]
333 verbose cache add spec diff@3.5.0
334 silly cache add parsed spec Result {
334 silly cache add   raw: 'diff@3.5.0',
334 silly cache add   scope: null,
334 silly cache add   name: 'diff',
334 silly cache add   rawSpec: '3.5.0',
334 silly cache add   spec: '3.5.0',
334 silly cache add   type: 'version' }
335 silly addNamed diff@3.5.0
336 verbose addNamed "3.5.0" is a plain semver version for diff
337 silly mapToRegistry name diff
338 silly mapToRegistry using default registry
339 silly mapToRegistry registry https://registry.npmjs.org/
340 silly mapToRegistry uri https://registry.npmjs.org/diff
341 verbose addNameVersion registry:https://registry.npmjs.org/diff not in flight; fetching
342 silly resolveWithNewModule growl@1.10.5 checking installable status
343 silly cache add args [ 'growl@1.10.5', null ]
344 verbose cache add spec growl@1.10.5
345 silly cache add parsed spec Result {
345 silly cache add   raw: 'growl@1.10.5',
345 silly cache add   scope: null,
345 silly cache add   name: 'growl',
345 silly cache add   rawSpec: '1.10.5',
345 silly cache add   spec: '1.10.5',
345 silly cache add   type: 'version' }
346 silly addNamed growl@1.10.5
347 verbose addNamed "1.10.5" is a plain semver version for growl
348 silly mapToRegistry name growl
349 silly mapToRegistry using default registry
350 silly mapToRegistry registry https://registry.npmjs.org/
351 silly mapToRegistry uri https://registry.npmjs.org/growl
352 verbose addNameVersion registry:https://registry.npmjs.org/growl not in flight; fetching
353 silly resolveWithNewModule he@1.1.1 checking installable status
354 silly cache add args [ 'he@1.1.1', null ]
355 verbose cache add spec he@1.1.1
356 silly cache add parsed spec Result {
356 silly cache add   raw: 'he@1.1.1',
356 silly cache add   scope: null,
356 silly cache add   name: 'he',
356 silly cache add   rawSpec: '1.1.1',
356 silly cache add   spec: '1.1.1',
356 silly cache add   type: 'version' }
357 silly addNamed he@1.1.1
358 verbose addNamed "1.1.1" is a plain semver version for he
359 silly mapToRegistry name he
360 silly mapToRegistry using default registry
361 silly mapToRegistry registry https://registry.npmjs.org/
362 silly mapToRegistry uri https://registry.npmjs.org/he
363 verbose addNameVersion registry:https://registry.npmjs.org/he not in flight; fetching
364 verbose get https://registry.npmjs.org/diff not expired, no request
365 verbose get https://registry.npmjs.org/growl not expired, no request
366 verbose afterAdd /home/laboratoria162-am/.npm/glob/7.1.2/package/package.json written
367 verbose get https://registry.npmjs.org/he not expired, no request
368 silly cache afterAdd diff@3.5.0
369 verbose afterAdd /home/laboratoria162-am/.npm/diff/3.5.0/package/package.json not in flight; writing
370 silly cache afterAdd growl@1.10.5
371 verbose afterAdd /home/laboratoria162-am/.npm/growl/1.10.5/package/package.json not in flight; writing
372 silly cache afterAdd he@1.1.1
373 verbose afterAdd /home/laboratoria162-am/.npm/he/1.1.1/package/package.json not in flight; writing
374 verbose afterAdd /home/laboratoria162-am/.npm/diff/3.5.0/package/package.json written
375 verbose afterAdd /home/laboratoria162-am/.npm/growl/1.10.5/package/package.json written
376 verbose afterAdd /home/laboratoria162-am/.npm/he/1.1.1/package/package.json written
377 http 304 https://registry.npmjs.org/minimatch
378 verbose headers { date: 'Thu, 24 Jan 2019 14:31:32 GMT',
378 verbose headers   connection: 'keep-alive',
378 verbose headers   'set-cookie':
378 verbose headers    [ '__cfduid=de46347e6ea49d11a930c1c7ca1b6f6c91548340292; expires=Fri, 24-Jan-20 14:31:32 GMT; path=/; domain=.registry.npmjs.org; HttpOnly' ],
378 verbose headers   'cf-cache-status': 'REVALIDATED',
378 verbose headers   'cache-control': 'max-age=300',
378 verbose headers   'cf-ray': '49e3344b09c29a40-MFE',
378 verbose headers   etag: '"6e7e7da96df71be2863b8b8d1fcb5152"',
378 verbose headers   'expect-ct': 'max-age=604800, report-uri="https://report-uri.cloudflare.com/cdn-cgi/beacon/expect-ct"',
378 verbose headers   'last-modified': 'Sun, 27 May 2018 08:07:30 GMT',
378 verbose headers   vary: 'accept-encoding, accept',
378 verbose headers   server: 'cloudflare' }
379 silly get cb [ 304,
379 silly get   { date: 'Thu, 24 Jan 2019 14:31:32 GMT',
379 silly get     connection: 'keep-alive',
379 silly get     'set-cookie':
379 silly get      [ '__cfduid=de46347e6ea49d11a930c1c7ca1b6f6c91548340292; expires=Fri, 24-Jan-20 14:31:32 GMT; path=/; domain=.registry.npmjs.org; HttpOnly' ],
379 silly get     'cf-cache-status': 'REVALIDATED',
379 silly get     'cache-control': 'max-age=300',
379 silly get     'cf-ray': '49e3344b09c29a40-MFE',
379 silly get     etag: '"6e7e7da96df71be2863b8b8d1fcb5152"',
379 silly get     'expect-ct': 'max-age=604800, report-uri="https://report-uri.cloudflare.com/cdn-cgi/beacon/expect-ct"',
379 silly get     'last-modified': 'Sun, 27 May 2018 08:07:30 GMT',
379 silly get     vary: 'accept-encoding, accept',
379 silly get     server: 'cloudflare' } ]
380 verbose etag https://registry.npmjs.org/minimatch from cache
381 verbose get saving minimatch to /home/laboratoria162-am/.npm/registry.npmjs.org/minimatch/.cache.json
382 silly resolveWithNewModule minimatch@3.0.4 checking installable status
383 silly cache add args [ 'minimatch@3.0.4', null ]
384 verbose cache add spec minimatch@3.0.4
385 silly cache add parsed spec Result {
385 silly cache add   raw: 'minimatch@3.0.4',
385 silly cache add   scope: null,
385 silly cache add   name: 'minimatch',
385 silly cache add   rawSpec: '3.0.4',
385 silly cache add   spec: '3.0.4',
385 silly cache add   type: 'version' }
386 silly addNamed minimatch@3.0.4
387 verbose addNamed "3.0.4" is a plain semver version for minimatch
388 silly mapToRegistry name minimatch
389 silly mapToRegistry using default registry
390 silly mapToRegistry registry https://registry.npmjs.org/
391 silly mapToRegistry uri https://registry.npmjs.org/minimatch
392 verbose addNameVersion registry:https://registry.npmjs.org/minimatch not in flight; fetching
393 verbose get https://registry.npmjs.org/minimatch not expired, no request
394 silly cache afterAdd minimatch@3.0.4
395 verbose afterAdd /home/laboratoria162-am/.npm/minimatch/3.0.4/package/package.json not in flight; writing
396 verbose afterAdd /home/laboratoria162-am/.npm/minimatch/3.0.4/package/package.json written
397 silly fetchNamedPackageData ms
398 silly mapToRegistry name ms
399 silly mapToRegistry using default registry
400 silly mapToRegistry registry https://registry.npmjs.org/
401 silly mapToRegistry uri https://registry.npmjs.org/ms
402 verbose request uri https://registry.npmjs.org/ms
403 verbose request no auth needed
404 info attempt registry request try #1 at 8:31:32
405 verbose etag W/"8df87279295af00c55282319c147f4f6"
406 verbose lastModified Fri, 04 Jan 2019 20:44:25 GMT
407 http request GET https://registry.npmjs.org/ms
408 http 304 https://registry.npmjs.org/ms
409 verbose headers { date: 'Thu, 24 Jan 2019 14:31:32 GMT',
409 verbose headers   connection: 'keep-alive',
409 verbose headers   'set-cookie':
409 verbose headers    [ '__cfduid=d16c0d7c0f609465bb3ac3cc15217a57e1548340292; expires=Fri, 24-Jan-20 14:31:32 GMT; path=/; domain=.registry.npmjs.org; HttpOnly' ],
409 verbose headers   'cf-cache-status': 'HIT',
409 verbose headers   'cache-control': 'max-age=300',
409 verbose headers   'cf-ray': '49e3344da9ee9a2e-MFE',
409 verbose headers   etag: '"8df87279295af00c55282319c147f4f6"',
409 verbose headers   'expect-ct': 'max-age=604800, report-uri="https://report-uri.cloudflare.com/cdn-cgi/beacon/expect-ct"',
409 verbose headers   'last-modified': 'Fri, 04 Jan 2019 20:44:25 GMT',
409 verbose headers   vary: 'accept-encoding, accept',
409 verbose headers   'x-amz-meta-rev': '149-7e6d1dbe8e45274ecccabe971a044530',
409 verbose headers   server: 'cloudflare' }
410 silly get cb [ 304,
410 silly get   { date: 'Thu, 24 Jan 2019 14:31:32 GMT',
410 silly get     connection: 'keep-alive',
410 silly get     'set-cookie':
410 silly get      [ '__cfduid=d16c0d7c0f609465bb3ac3cc15217a57e1548340292; expires=Fri, 24-Jan-20 14:31:32 GMT; path=/; domain=.registry.npmjs.org; HttpOnly' ],
410 silly get     'cf-cache-status': 'HIT',
410 silly get     'cache-control': 'max-age=300',
410 silly get     'cf-ray': '49e3344da9ee9a2e-MFE',
410 silly get     etag: '"8df87279295af00c55282319c147f4f6"',
410 silly get     'expect-ct': 'max-age=604800, report-uri="https://report-uri.cloudflare.com/cdn-cgi/beacon/expect-ct"',
410 silly get     'last-modified': 'Fri, 04 Jan 2019 20:44:25 GMT',
410 silly get     vary: 'accept-encoding, accept',
410 silly get     'x-amz-meta-rev': '149-7e6d1dbe8e45274ecccabe971a044530',
410 silly get     server: 'cloudflare' } ]
411 verbose etag https://registry.npmjs.org/ms from cache
412 verbose get saving ms to /home/laboratoria162-am/.npm/registry.npmjs.org/ms/.cache.json
413 silly resolveWithNewModule ms@2.0.0 checking installable status
414 silly cache add args [ 'ms@2.0.0', null ]
415 verbose cache add spec ms@2.0.0
416 silly cache add parsed spec Result {
416 silly cache add   raw: 'ms@2.0.0',
416 silly cache add   scope: null,
416 silly cache add   name: 'ms',
416 silly cache add   rawSpec: '2.0.0',
416 silly cache add   spec: '2.0.0',
416 silly cache add   type: 'version' }
417 silly addNamed ms@2.0.0
418 verbose addNamed "2.0.0" is a plain semver version for ms
419 silly mapToRegistry name ms
420 silly mapToRegistry using default registry
421 silly mapToRegistry registry https://registry.npmjs.org/
422 silly mapToRegistry uri https://registry.npmjs.org/ms
423 verbose addNameVersion registry:https://registry.npmjs.org/ms not in flight; fetching
424 verbose get https://registry.npmjs.org/ms not expired, no request
425 silly cache afterAdd ms@2.0.0
426 verbose afterAdd /home/laboratoria162-am/.npm/ms/2.0.0/package/package.json not in flight; writing
427 verbose afterAdd /home/laboratoria162-am/.npm/ms/2.0.0/package/package.json written
428 silly fetchNamedPackageData fs.realpath
429 silly mapToRegistry name fs.realpath
430 silly mapToRegistry using default registry
431 silly mapToRegistry registry https://registry.npmjs.org/
432 silly mapToRegistry uri https://registry.npmjs.org/fs.realpath
433 silly fetchNamedPackageData inflight
434 silly mapToRegistry name inflight
435 silly mapToRegistry using default registry
436 silly mapToRegistry registry https://registry.npmjs.org/
437 silly mapToRegistry uri https://registry.npmjs.org/inflight
438 silly fetchNamedPackageData inherits
439 silly mapToRegistry name inherits
440 silly mapToRegistry using default registry
441 silly mapToRegistry registry https://registry.npmjs.org/
442 silly mapToRegistry uri https://registry.npmjs.org/inherits
443 silly fetchNamedPackageData once
444 silly mapToRegistry name once
445 silly mapToRegistry using default registry
446 silly mapToRegistry registry https://registry.npmjs.org/
447 silly mapToRegistry uri https://registry.npmjs.org/once
448 silly fetchNamedPackageData path-is-absolute
449 silly mapToRegistry name path-is-absolute
450 silly mapToRegistry using default registry
451 silly mapToRegistry registry https://registry.npmjs.org/
452 silly mapToRegistry uri https://registry.npmjs.org/path-is-absolute
453 verbose request uri https://registry.npmjs.org/fs.realpath
454 verbose request no auth needed
455 info attempt registry request try #1 at 8:31:32
456 verbose etag W/"38ffb76e1002ddc3cb6c82f7e93e6cb3"
457 verbose lastModified Sun, 27 May 2018 01:17:56 GMT
458 http request GET https://registry.npmjs.org/fs.realpath
459 verbose request uri https://registry.npmjs.org/once
460 verbose request no auth needed
461 info attempt registry request try #1 at 8:31:32
462 verbose etag W/"edc9f495d2deed74e80dc05995dc33c2"
463 verbose lastModified Sun, 27 May 2018 11:11:26 GMT
464 http request GET https://registry.npmjs.org/once
465 verbose request uri https://registry.npmjs.org/path-is-absolute
466 verbose request no auth needed
467 info attempt registry request try #1 at 8:31:32
468 verbose etag W/"25aaada20f078477a61dfb4673202332"
469 verbose lastModified Sat, 05 Jan 2019 02:56:57 GMT
470 http request GET https://registry.npmjs.org/path-is-absolute
471 verbose request uri https://registry.npmjs.org/inflight
472 verbose request no auth needed
473 info attempt registry request try #1 at 8:31:32
474 verbose etag W/"ee7822cd1180fc0dc8acae0ecd7775d7"
475 verbose lastModified Sun, 27 May 2018 04:39:13 GMT
476 http request GET https://registry.npmjs.org/inflight
477 verbose request uri https://registry.npmjs.org/inherits
478 verbose request no auth needed
479 info attempt registry request try #1 at 8:31:32
480 verbose etag W/"5c44a4fc0c394680c243866b5bc42bf5"
481 verbose lastModified Fri, 03 Aug 2018 00:38:04 GMT
482 http request GET https://registry.npmjs.org/inherits
483 http 304 https://registry.npmjs.org/inherits
484 verbose headers { date: 'Thu, 24 Jan 2019 14:31:32 GMT',
484 verbose headers   connection: 'keep-alive',
484 verbose headers   'set-cookie':
484 verbose headers    [ '__cfduid=dfce8a9b7fa38be972473d5b1ea748e151548340292; expires=Fri, 24-Jan-20 14:31:32 GMT; path=/; domain=.registry.npmjs.org; HttpOnly' ],
484 verbose headers   'cf-cache-status': 'HIT',
484 verbose headers   'cache-control': 'max-age=300',
484 verbose headers   'cf-ray': '49e3344e1cf89a34-MFE',
484 verbose headers   etag: '"5c44a4fc0c394680c243866b5bc42bf5"',
484 verbose headers   'expect-ct': 'max-age=604800, report-uri="https://report-uri.cloudflare.com/cdn-cgi/beacon/expect-ct"',
484 verbose headers   'last-modified': 'Fri, 03 Aug 2018 00:38:04 GMT',
484 verbose headers   vary: 'accept-encoding, accept',
484 verbose headers   server: 'cloudflare' }
485 silly get cb [ 304,
485 silly get   { date: 'Thu, 24 Jan 2019 14:31:32 GMT',
485 silly get     connection: 'keep-alive',
485 silly get     'set-cookie':
485 silly get      [ '__cfduid=dfce8a9b7fa38be972473d5b1ea748e151548340292; expires=Fri, 24-Jan-20 14:31:32 GMT; path=/; domain=.registry.npmjs.org; HttpOnly' ],
485 silly get     'cf-cache-status': 'HIT',
485 silly get     'cache-control': 'max-age=300',
485 silly get     'cf-ray': '49e3344e1cf89a34-MFE',
485 silly get     etag: '"5c44a4fc0c394680c243866b5bc42bf5"',
485 silly get     'expect-ct': 'max-age=604800, report-uri="https://report-uri.cloudflare.com/cdn-cgi/beacon/expect-ct"',
485 silly get     'last-modified': 'Fri, 03 Aug 2018 00:38:04 GMT',
485 silly get     vary: 'accept-encoding, accept',
485 silly get     server: 'cloudflare' } ]
486 verbose etag https://registry.npmjs.org/inherits from cache
487 verbose get saving inherits to /home/laboratoria162-am/.npm/registry.npmjs.org/inherits/.cache.json
488 silly resolveWithNewModule inherits@2.0.3 checking installable status
489 silly cache add args [ 'inherits@2', null ]
490 verbose cache add spec inherits@2
491 silly cache add parsed spec Result {
491 silly cache add   raw: 'inherits@2',
491 silly cache add   scope: null,
491 silly cache add   name: 'inherits',
491 silly cache add   rawSpec: '2',
491 silly cache add   spec: '>=2.0.0 <3.0.0',
491 silly cache add   type: 'range' }
492 silly addNamed inherits@>=2.0.0 <3.0.0
493 verbose addNamed ">=2.0.0 <3.0.0" is a valid semver range for inherits
494 silly addNameRange { name: 'inherits', range: '>=2.0.0 <3.0.0', hasData: false }
495 silly mapToRegistry name inherits
496 silly mapToRegistry using default registry
497 silly mapToRegistry registry https://registry.npmjs.org/
498 silly mapToRegistry uri https://registry.npmjs.org/inherits
499 verbose addNameRange registry:https://registry.npmjs.org/inherits not in flight; fetching
500 verbose get https://registry.npmjs.org/inherits not expired, no request
501 silly addNameRange number 2 { name: 'inherits', range: '>=2.0.0 <3.0.0', hasData: true }
502 silly addNameRange versions [ 'inherits',
502 silly addNameRange   [ '1.0.0', '2.0.0', '2.0.1', '1.0.1', '1.0.2', '2.0.3' ] ]
503 silly addNamed inherits@2.0.3
504 verbose addNamed "2.0.3" is a plain semver version for inherits
505 silly cache afterAdd inherits@2.0.3
506 verbose afterAdd /home/laboratoria162-am/.npm/inherits/2.0.3/package/package.json not in flight; writing
507 verbose afterAdd /home/laboratoria162-am/.npm/inherits/2.0.3/package/package.json written
508 http 304 https://registry.npmjs.org/inflight
509 verbose headers { date: 'Thu, 24 Jan 2019 14:31:33 GMT',
509 verbose headers   connection: 'keep-alive',
509 verbose headers   'set-cookie':
509 verbose headers    [ '__cfduid=d40ab960f6bfe41a9a890cc55c903623e1548340292; expires=Fri, 24-Jan-20 14:31:32 GMT; path=/; domain=.registry.npmjs.org; HttpOnly' ],
509 verbose headers   'cf-cache-status': 'REVALIDATED',
509 verbose headers   'cache-control': 'max-age=300',
509 verbose headers   'cf-ray': '49e3344e1b929a82-MFE',
509 verbose headers   etag: '"ee7822cd1180fc0dc8acae0ecd7775d7"',
509 verbose headers   'expect-ct': 'max-age=604800, report-uri="https://report-uri.cloudflare.com/cdn-cgi/beacon/expect-ct"',
509 verbose headers   'last-modified': 'Sun, 27 May 2018 04:39:13 GMT',
509 verbose headers   vary: 'accept-encoding, accept',
509 verbose headers   server: 'cloudflare' }
510 silly get cb [ 304,
510 silly get   { date: 'Thu, 24 Jan 2019 14:31:33 GMT',
510 silly get     connection: 'keep-alive',
510 silly get     'set-cookie':
510 silly get      [ '__cfduid=d40ab960f6bfe41a9a890cc55c903623e1548340292; expires=Fri, 24-Jan-20 14:31:32 GMT; path=/; domain=.registry.npmjs.org; HttpOnly' ],
510 silly get     'cf-cache-status': 'REVALIDATED',
510 silly get     'cache-control': 'max-age=300',
510 silly get     'cf-ray': '49e3344e1b929a82-MFE',
510 silly get     etag: '"ee7822cd1180fc0dc8acae0ecd7775d7"',
510 silly get     'expect-ct': 'max-age=604800, report-uri="https://report-uri.cloudflare.com/cdn-cgi/beacon/expect-ct"',
510 silly get     'last-modified': 'Sun, 27 May 2018 04:39:13 GMT',
510 silly get     vary: 'accept-encoding, accept',
510 silly get     server: 'cloudflare' } ]
511 verbose etag https://registry.npmjs.org/inflight from cache
512 verbose get saving inflight to /home/laboratoria162-am/.npm/registry.npmjs.org/inflight/.cache.json
513 silly resolveWithNewModule inflight@1.0.6 checking installable status
514 silly cache add args [ 'inflight@^1.0.4', null ]
515 verbose cache add spec inflight@^1.0.4
516 silly cache add parsed spec Result {
516 silly cache add   raw: 'inflight@^1.0.4',
516 silly cache add   scope: null,
516 silly cache add   name: 'inflight',
516 silly cache add   rawSpec: '^1.0.4',
516 silly cache add   spec: '>=1.0.4 <2.0.0',
516 silly cache add   type: 'range' }
517 silly addNamed inflight@>=1.0.4 <2.0.0
518 verbose addNamed ">=1.0.4 <2.0.0" is a valid semver range for inflight
519 silly addNameRange { name: 'inflight', range: '>=1.0.4 <2.0.0', hasData: false }
520 silly mapToRegistry name inflight
521 silly mapToRegistry using default registry
522 silly mapToRegistry registry https://registry.npmjs.org/
523 silly mapToRegistry uri https://registry.npmjs.org/inflight
524 verbose addNameRange registry:https://registry.npmjs.org/inflight not in flight; fetching
525 verbose get https://registry.npmjs.org/inflight not expired, no request
526 silly addNameRange number 2 { name: 'inflight', range: '>=1.0.4 <2.0.0', hasData: true }
527 silly addNameRange versions [ 'inflight',
527 silly addNameRange   [ '1.0.0', '1.0.1', '1.0.2', '1.0.3', '1.0.4', '1.0.5', '1.0.6' ] ]
528 silly addNamed inflight@1.0.6
529 verbose addNamed "1.0.6" is a plain semver version for inflight
530 silly cache afterAdd inflight@1.0.6
531 verbose afterAdd /home/laboratoria162-am/.npm/inflight/1.0.6/package/package.json not in flight; writing
532 verbose afterAdd /home/laboratoria162-am/.npm/inflight/1.0.6/package/package.json written
533 http 304 https://registry.npmjs.org/fs.realpath
534 verbose headers { date: 'Thu, 24 Jan 2019 14:31:33 GMT',
534 verbose headers   connection: 'keep-alive',
534 verbose headers   'set-cookie':
534 verbose headers    [ '__cfduid=dfef691dcab48194055510f5f6df64ea51548340292; expires=Fri, 24-Jan-20 14:31:32 GMT; path=/; domain=.registry.npmjs.org; HttpOnly' ],
534 verbose headers   'cf-cache-status': 'REVALIDATED',
534 verbose headers   'cache-control': 'max-age=300',
534 verbose headers   'cf-ray': '49e3344e1b719a76-MFE',
534 verbose headers   etag: '"38ffb76e1002ddc3cb6c82f7e93e6cb3"',
534 verbose headers   'expect-ct': 'max-age=604800, report-uri="https://report-uri.cloudflare.com/cdn-cgi/beacon/expect-ct"',
534 verbose headers   'last-modified': 'Sun, 27 May 2018 01:17:56 GMT',
534 verbose headers   vary: 'accept-encoding, accept',
534 verbose headers   server: 'cloudflare' }
535 silly get cb [ 304,
535 silly get   { date: 'Thu, 24 Jan 2019 14:31:33 GMT',
535 silly get     connection: 'keep-alive',
535 silly get     'set-cookie':
535 silly get      [ '__cfduid=dfef691dcab48194055510f5f6df64ea51548340292; expires=Fri, 24-Jan-20 14:31:32 GMT; path=/; domain=.registry.npmjs.org; HttpOnly' ],
535 silly get     'cf-cache-status': 'REVALIDATED',
535 silly get     'cache-control': 'max-age=300',
535 silly get     'cf-ray': '49e3344e1b719a76-MFE',
535 silly get     etag: '"38ffb76e1002ddc3cb6c82f7e93e6cb3"',
535 silly get     'expect-ct': 'max-age=604800, report-uri="https://report-uri.cloudflare.com/cdn-cgi/beacon/expect-ct"',
535 silly get     'last-modified': 'Sun, 27 May 2018 01:17:56 GMT',
535 silly get     vary: 'accept-encoding, accept',
535 silly get     server: 'cloudflare' } ]
536 verbose etag https://registry.npmjs.org/fs.realpath from cache
537 verbose get saving fs.realpath to /home/laboratoria162-am/.npm/registry.npmjs.org/fs.realpath/.cache.json
538 silly resolveWithNewModule fs.realpath@1.0.0 checking installable status
539 silly cache add args [ 'fs.realpath@^1.0.0', null ]
540 verbose cache add spec fs.realpath@^1.0.0
541 silly cache add parsed spec Result {
541 silly cache add   raw: 'fs.realpath@^1.0.0',
541 silly cache add   scope: null,
541 silly cache add   name: 'fs.realpath',
541 silly cache add   rawSpec: '^1.0.0',
541 silly cache add   spec: '>=1.0.0 <2.0.0',
541 silly cache add   type: 'range' }
542 silly addNamed fs.realpath@>=1.0.0 <2.0.0
543 verbose addNamed ">=1.0.0 <2.0.0" is a valid semver range for fs.realpath
544 silly addNameRange { name: 'fs.realpath', range: '>=1.0.0 <2.0.0', hasData: false }
545 silly mapToRegistry name fs.realpath
546 silly mapToRegistry using default registry
547 silly mapToRegistry registry https://registry.npmjs.org/
548 silly mapToRegistry uri https://registry.npmjs.org/fs.realpath
549 verbose addNameRange registry:https://registry.npmjs.org/fs.realpath not in flight; fetching
550 http 304 https://registry.npmjs.org/once
551 verbose headers { date: 'Thu, 24 Jan 2019 14:31:33 GMT',
551 verbose headers   connection: 'keep-alive',
551 verbose headers   'set-cookie':
551 verbose headers    [ '__cfduid=d65d6c71185b895dacbe737fb9c107c3b1548340292; expires=Fri, 24-Jan-20 14:31:32 GMT; path=/; domain=.registry.npmjs.org; HttpOnly' ],
551 verbose headers   'cf-cache-status': 'REVALIDATED',
551 verbose headers   'cache-control': 'max-age=300',
551 verbose headers   'cf-ray': '49e3344e19309a88-MFE',
551 verbose headers   etag: '"edc9f495d2deed74e80dc05995dc33c2"',
551 verbose headers   'expect-ct': 'max-age=604800, report-uri="https://report-uri.cloudflare.com/cdn-cgi/beacon/expect-ct"',
551 verbose headers   'last-modified': 'Sun, 27 May 2018 11:11:26 GMT',
551 verbose headers   vary: 'accept-encoding, accept',
551 verbose headers   server: 'cloudflare' }
552 silly get cb [ 304,
552 silly get   { date: 'Thu, 24 Jan 2019 14:31:33 GMT',
552 silly get     connection: 'keep-alive',
552 silly get     'set-cookie':
552 silly get      [ '__cfduid=d65d6c71185b895dacbe737fb9c107c3b1548340292; expires=Fri, 24-Jan-20 14:31:32 GMT; path=/; domain=.registry.npmjs.org; HttpOnly' ],
552 silly get     'cf-cache-status': 'REVALIDATED',
552 silly get     'cache-control': 'max-age=300',
552 silly get     'cf-ray': '49e3344e19309a88-MFE',
552 silly get     etag: '"edc9f495d2deed74e80dc05995dc33c2"',
552 silly get     'expect-ct': 'max-age=604800, report-uri="https://report-uri.cloudflare.com/cdn-cgi/beacon/expect-ct"',
552 silly get     'last-modified': 'Sun, 27 May 2018 11:11:26 GMT',
552 silly get     vary: 'accept-encoding, accept',
552 silly get     server: 'cloudflare' } ]
553 verbose etag https://registry.npmjs.org/once from cache
554 verbose get saving once to /home/laboratoria162-am/.npm/registry.npmjs.org/once/.cache.json
555 http 304 https://registry.npmjs.org/path-is-absolute
556 verbose headers { date: 'Thu, 24 Jan 2019 14:31:33 GMT',
556 verbose headers   connection: 'keep-alive',
556 verbose headers   'set-cookie':
556 verbose headers    [ '__cfduid=d28ffc3107d2823e93c60dc7de2cae7c81548340292; expires=Fri, 24-Jan-20 14:31:32 GMT; path=/; domain=.registry.npmjs.org; HttpOnly' ],
556 verbose headers   'cf-cache-status': 'REVALIDATED',
556 verbose headers   'cache-control': 'max-age=300',
556 verbose headers   'cf-ray': '49e3344e1f2b9a8e-MFE',
556 verbose headers   etag: '"25aaada20f078477a61dfb4673202332"',
556 verbose headers   'expect-ct': 'max-age=604800, report-uri="https://report-uri.cloudflare.com/cdn-cgi/beacon/expect-ct"',
556 verbose headers   'last-modified': 'Sat, 05 Jan 2019 02:56:57 GMT',
556 verbose headers   vary: 'accept-encoding, accept',
556 verbose headers   'x-amz-meta-rev': '16-595d52a63fae997f5c64c1126b44aea3',
556 verbose headers   server: 'cloudflare' }
557 silly get cb [ 304,
557 silly get   { date: 'Thu, 24 Jan 2019 14:31:33 GMT',
557 silly get     connection: 'keep-alive',
557 silly get     'set-cookie':
557 silly get      [ '__cfduid=d28ffc3107d2823e93c60dc7de2cae7c81548340292; expires=Fri, 24-Jan-20 14:31:32 GMT; path=/; domain=.registry.npmjs.org; HttpOnly' ],
557 silly get     'cf-cache-status': 'REVALIDATED',
557 silly get     'cache-control': 'max-age=300',
557 silly get     'cf-ray': '49e3344e1f2b9a8e-MFE',
557 silly get     etag: '"25aaada20f078477a61dfb4673202332"',
557 silly get     'expect-ct': 'max-age=604800, report-uri="https://report-uri.cloudflare.com/cdn-cgi/beacon/expect-ct"',
557 silly get     'last-modified': 'Sat, 05 Jan 2019 02:56:57 GMT',
557 silly get     vary: 'accept-encoding, accept',
557 silly get     'x-amz-meta-rev': '16-595d52a63fae997f5c64c1126b44aea3',
557 silly get     server: 'cloudflare' } ]
558 verbose etag https://registry.npmjs.org/path-is-absolute from cache
559 verbose get saving path-is-absolute to /home/laboratoria162-am/.npm/registry.npmjs.org/path-is-absolute/.cache.json
560 verbose get https://registry.npmjs.org/fs.realpath not expired, no request
561 silly addNameRange number 2 { name: 'fs.realpath', range: '>=1.0.0 <2.0.0', hasData: true }
562 silly addNameRange versions [ 'fs.realpath', [ '0.0.0', '1.0.0' ] ]
563 silly addNamed fs.realpath@1.0.0
564 verbose addNamed "1.0.0" is a plain semver version for fs.realpath
565 silly resolveWithNewModule once@1.4.0 checking installable status
566 silly cache add args [ 'once@^1.3.0', null ]
567 verbose cache add spec once@^1.3.0
568 silly cache add parsed spec Result {
568 silly cache add   raw: 'once@^1.3.0',
568 silly cache add   scope: null,
568 silly cache add   name: 'once',
568 silly cache add   rawSpec: '^1.3.0',
568 silly cache add   spec: '>=1.3.0 <2.0.0',
568 silly cache add   type: 'range' }
569 silly addNamed once@>=1.3.0 <2.0.0
570 verbose addNamed ">=1.3.0 <2.0.0" is a valid semver range for once
571 silly addNameRange { name: 'once', range: '>=1.3.0 <2.0.0', hasData: false }
572 silly mapToRegistry name once
573 silly mapToRegistry using default registry
574 silly mapToRegistry registry https://registry.npmjs.org/
575 silly mapToRegistry uri https://registry.npmjs.org/once
576 verbose addNameRange registry:https://registry.npmjs.org/once not in flight; fetching
577 silly resolveWithNewModule path-is-absolute@1.0.1 checking installable status
578 silly cache add args [ 'path-is-absolute@^1.0.0', null ]
579 verbose cache add spec path-is-absolute@^1.0.0
580 silly cache add parsed spec Result {
580 silly cache add   raw: 'path-is-absolute@^1.0.0',
580 silly cache add   scope: null,
580 silly cache add   name: 'path-is-absolute',
580 silly cache add   rawSpec: '^1.0.0',
580 silly cache add   spec: '>=1.0.0 <2.0.0',
580 silly cache add   type: 'range' }
581 silly addNamed path-is-absolute@>=1.0.0 <2.0.0
582 verbose addNamed ">=1.0.0 <2.0.0" is a valid semver range for path-is-absolute
583 silly addNameRange { name: 'path-is-absolute',
583 silly addNameRange   range: '>=1.0.0 <2.0.0',
583 silly addNameRange   hasData: false }
584 silly mapToRegistry name path-is-absolute
585 silly mapToRegistry using default registry
586 silly mapToRegistry registry https://registry.npmjs.org/
587 silly mapToRegistry uri https://registry.npmjs.org/path-is-absolute
588 verbose addNameRange registry:https://registry.npmjs.org/path-is-absolute not in flight; fetching
589 silly cache afterAdd fs.realpath@1.0.0
590 verbose afterAdd /home/laboratoria162-am/.npm/fs.realpath/1.0.0/package/package.json not in flight; writing
591 verbose get https://registry.npmjs.org/once not expired, no request
592 silly addNameRange number 2 { name: 'once', range: '>=1.3.0 <2.0.0', hasData: true }
593 silly addNameRange versions [ 'once',
593 silly addNameRange   [ '1.1.1', '1.2.0', '1.3.0', '1.3.1', '1.3.2', '1.3.3', '1.4.0' ] ]
594 silly addNamed once@1.4.0
595 verbose addNamed "1.4.0" is a plain semver version for once
596 verbose get https://registry.npmjs.org/path-is-absolute not expired, no request
597 silly addNameRange number 2 { name: 'path-is-absolute',
597 silly addNameRange   range: '>=1.0.0 <2.0.0',
597 silly addNameRange   hasData: true }
598 silly addNameRange versions [ 'path-is-absolute', [ '1.0.0', '1.0.1', '2.0.0' ] ]
599 silly addNamed path-is-absolute@1.0.1
600 verbose addNamed "1.0.1" is a plain semver version for path-is-absolute
601 verbose afterAdd /home/laboratoria162-am/.npm/fs.realpath/1.0.0/package/package.json written
602 silly cache afterAdd once@1.4.0
603 verbose afterAdd /home/laboratoria162-am/.npm/once/1.4.0/package/package.json not in flight; writing
604 silly cache afterAdd path-is-absolute@1.0.1
605 verbose afterAdd /home/laboratoria162-am/.npm/path-is-absolute/1.0.1/package/package.json not in flight; writing
606 verbose afterAdd /home/laboratoria162-am/.npm/path-is-absolute/1.0.1/package/package.json written
607 verbose afterAdd /home/laboratoria162-am/.npm/once/1.4.0/package/package.json written
608 silly fetchNamedPackageData wrappy
609 silly mapToRegistry name wrappy
610 silly mapToRegistry using default registry
611 silly mapToRegistry registry https://registry.npmjs.org/
612 silly mapToRegistry uri https://registry.npmjs.org/wrappy
613 verbose request uri https://registry.npmjs.org/wrappy
614 verbose request no auth needed
615 info attempt registry request try #1 at 8:31:33
616 verbose etag W/"c2550d84d2c7b8c47da2551ef2c749ac"
617 verbose lastModified Sun, 27 May 2018 22:18:40 GMT
618 http request GET https://registry.npmjs.org/wrappy
619 http 304 https://registry.npmjs.org/wrappy
620 verbose headers { date: 'Thu, 24 Jan 2019 14:31:33 GMT',
620 verbose headers   connection: 'keep-alive',
620 verbose headers   'set-cookie':
620 verbose headers    [ '__cfduid=d59a5954775dbd9f0bf3c174d8391907c1548340293; expires=Fri, 24-Jan-20 14:31:33 GMT; path=/; domain=.registry.npmjs.org; HttpOnly' ],
620 verbose headers   'cf-cache-status': 'REVALIDATED',
620 verbose headers   'cache-control': 'max-age=300',
620 verbose headers   'cf-ray': '49e33450d8bd9a8e-MFE',
620 verbose headers   etag: '"c2550d84d2c7b8c47da2551ef2c749ac"',
620 verbose headers   'expect-ct': 'max-age=604800, report-uri="https://report-uri.cloudflare.com/cdn-cgi/beacon/expect-ct"',
620 verbose headers   'last-modified': 'Sun, 27 May 2018 22:18:40 GMT',
620 verbose headers   vary: 'accept-encoding, accept',
620 verbose headers   server: 'cloudflare' }
621 silly get cb [ 304,
621 silly get   { date: 'Thu, 24 Jan 2019 14:31:33 GMT',
621 silly get     connection: 'keep-alive',
621 silly get     'set-cookie':
621 silly get      [ '__cfduid=d59a5954775dbd9f0bf3c174d8391907c1548340293; expires=Fri, 24-Jan-20 14:31:33 GMT; path=/; domain=.registry.npmjs.org; HttpOnly' ],
621 silly get     'cf-cache-status': 'REVALIDATED',
621 silly get     'cache-control': 'max-age=300',
621 silly get     'cf-ray': '49e33450d8bd9a8e-MFE',
621 silly get     etag: '"c2550d84d2c7b8c47da2551ef2c749ac"',
621 silly get     'expect-ct': 'max-age=604800, report-uri="https://report-uri.cloudflare.com/cdn-cgi/beacon/expect-ct"',
621 silly get     'last-modified': 'Sun, 27 May 2018 22:18:40 GMT',
621 silly get     vary: 'accept-encoding, accept',
621 silly get     server: 'cloudflare' } ]
622 verbose etag https://registry.npmjs.org/wrappy from cache
623 verbose get saving wrappy to /home/laboratoria162-am/.npm/registry.npmjs.org/wrappy/.cache.json
624 silly resolveWithNewModule wrappy@1.0.2 checking installable status
625 silly cache add args [ 'wrappy@1', null ]
626 verbose cache add spec wrappy@1
627 silly cache add parsed spec Result {
627 silly cache add   raw: 'wrappy@1',
627 silly cache add   scope: null,
627 silly cache add   name: 'wrappy',
627 silly cache add   rawSpec: '1',
627 silly cache add   spec: '>=1.0.0 <2.0.0',
627 silly cache add   type: 'range' }
628 silly addNamed wrappy@>=1.0.0 <2.0.0
629 verbose addNamed ">=1.0.0 <2.0.0" is a valid semver range for wrappy
630 silly addNameRange { name: 'wrappy', range: '>=1.0.0 <2.0.0', hasData: false }
631 silly mapToRegistry name wrappy
632 silly mapToRegistry using default registry
633 silly mapToRegistry registry https://registry.npmjs.org/
634 silly mapToRegistry uri https://registry.npmjs.org/wrappy
635 verbose addNameRange registry:https://registry.npmjs.org/wrappy not in flight; fetching
636 verbose get https://registry.npmjs.org/wrappy not expired, no request
637 silly addNameRange number 2 { name: 'wrappy', range: '>=1.0.0 <2.0.0', hasData: true }
638 silly addNameRange versions [ 'wrappy', [ '1.0.0', '1.0.1', '1.0.2' ] ]
639 silly addNamed wrappy@1.0.2
640 verbose addNamed "1.0.2" is a plain semver version for wrappy
641 silly cache afterAdd wrappy@1.0.2
642 verbose afterAdd /home/laboratoria162-am/.npm/wrappy/1.0.2/package/package.json not in flight; writing
643 verbose afterAdd /home/laboratoria162-am/.npm/wrappy/1.0.2/package/package.json written
644 silly fetchNamedPackageData brace-expansion
645 silly mapToRegistry name brace-expansion
646 silly mapToRegistry using default registry
647 silly mapToRegistry registry https://registry.npmjs.org/
648 silly mapToRegistry uri https://registry.npmjs.org/brace-expansion
649 verbose request uri https://registry.npmjs.org/brace-expansion
650 verbose request no auth needed
651 info attempt registry request try #1 at 8:31:33
652 verbose etag W/"e1bb7280c24dff102c3475d67515cff5"
653 verbose lastModified Sat, 26 May 2018 18:55:42 GMT
654 http request GET https://registry.npmjs.org/brace-expansion
655 http 304 https://registry.npmjs.org/brace-expansion
656 verbose headers { date: 'Thu, 24 Jan 2019 14:31:33 GMT',
656 verbose headers   connection: 'keep-alive',
656 verbose headers   'set-cookie':
656 verbose headers    [ '__cfduid=d6ed154ed66bddc1de17d970917423eeb1548340293; expires=Fri, 24-Jan-20 14:31:33 GMT; path=/; domain=.registry.npmjs.org; HttpOnly' ],
656 verbose headers   'cf-cache-status': 'REVALIDATED',
656 verbose headers   'cache-control': 'max-age=300',
656 verbose headers   'cf-ray': '49e3345358ec9a34-MFE',
656 verbose headers   etag: '"e1bb7280c24dff102c3475d67515cff5"',
656 verbose headers   'expect-ct': 'max-age=604800, report-uri="https://report-uri.cloudflare.com/cdn-cgi/beacon/expect-ct"',
656 verbose headers   'last-modified': 'Sat, 26 May 2018 18:55:42 GMT',
656 verbose headers   vary: 'accept-encoding, accept',
656 verbose headers   server: 'cloudflare' }
657 silly get cb [ 304,
657 silly get   { date: 'Thu, 24 Jan 2019 14:31:33 GMT',
657 silly get     connection: 'keep-alive',
657 silly get     'set-cookie':
657 silly get      [ '__cfduid=d6ed154ed66bddc1de17d970917423eeb1548340293; expires=Fri, 24-Jan-20 14:31:33 GMT; path=/; domain=.registry.npmjs.org; HttpOnly' ],
657 silly get     'cf-cache-status': 'REVALIDATED',
657 silly get     'cache-control': 'max-age=300',
657 silly get     'cf-ray': '49e3345358ec9a34-MFE',
657 silly get     etag: '"e1bb7280c24dff102c3475d67515cff5"',
657 silly get     'expect-ct': 'max-age=604800, report-uri="https://report-uri.cloudflare.com/cdn-cgi/beacon/expect-ct"',
657 silly get     'last-modified': 'Sat, 26 May 2018 18:55:42 GMT',
657 silly get     vary: 'accept-encoding, accept',
657 silly get     server: 'cloudflare' } ]
658 verbose etag https://registry.npmjs.org/brace-expansion from cache
659 verbose get saving brace-expansion to /home/laboratoria162-am/.npm/registry.npmjs.org/brace-expansion/.cache.json
660 silly resolveWithNewModule brace-expansion@1.1.11 checking installable status
661 silly cache add args [ 'brace-expansion@^1.1.7', null ]
662 verbose cache add spec brace-expansion@^1.1.7
663 silly cache add parsed spec Result {
663 silly cache add   raw: 'brace-expansion@^1.1.7',
663 silly cache add   scope: null,
663 silly cache add   name: 'brace-expansion',
663 silly cache add   rawSpec: '^1.1.7',
663 silly cache add   spec: '>=1.1.7 <2.0.0',
663 silly cache add   type: 'range' }
664 silly addNamed brace-expansion@>=1.1.7 <2.0.0
665 verbose addNamed ">=1.1.7 <2.0.0" is a valid semver range for brace-expansion
666 silly addNameRange { name: 'brace-expansion',
666 silly addNameRange   range: '>=1.1.7 <2.0.0',
666 silly addNameRange   hasData: false }
667 silly mapToRegistry name brace-expansion
668 silly mapToRegistry using default registry
669 silly mapToRegistry registry https://registry.npmjs.org/
670 silly mapToRegistry uri https://registry.npmjs.org/brace-expansion
671 verbose addNameRange registry:https://registry.npmjs.org/brace-expansion not in flight; fetching
672 verbose get https://registry.npmjs.org/brace-expansion not expired, no request
673 silly addNameRange number 2 { name: 'brace-expansion',
673 silly addNameRange   range: '>=1.1.7 <2.0.0',
673 silly addNameRange   hasData: true }
674 silly addNameRange versions [ 'brace-expansion',
674 silly addNameRange   [ '0.0.0',
674 silly addNameRange     '1.0.0',
674 silly addNameRange     '1.0.1',
674 silly addNameRange     '1.1.0',
674 silly addNameRange     '1.1.1',
674 silly addNameRange     '1.1.2',
674 silly addNameRange     '1.1.3',
674 silly addNameRange     '1.1.4',
674 silly addNameRange     '1.1.5',
674 silly addNameRange     '1.1.6',
674 silly addNameRange     '1.1.7',
674 silly addNameRange     '1.1.8',
674 silly addNameRange     '1.1.9',
674 silly addNameRange     '1.1.10',
674 silly addNameRange     '1.1.11' ] ]
675 silly addNamed brace-expansion@1.1.11
676 verbose addNamed "1.1.11" is a plain semver version for brace-expansion
677 silly cache afterAdd brace-expansion@1.1.11
678 verbose afterAdd /home/laboratoria162-am/.npm/brace-expansion/1.1.11/package/package.json not in flight; writing
679 verbose afterAdd /home/laboratoria162-am/.npm/brace-expansion/1.1.11/package/package.json written
680 silly fetchNamedPackageData balanced-match
681 silly mapToRegistry name balanced-match
682 silly mapToRegistry using default registry
683 silly mapToRegistry registry https://registry.npmjs.org/
684 silly mapToRegistry uri https://registry.npmjs.org/balanced-match
685 silly fetchNamedPackageData concat-map
686 silly mapToRegistry name concat-map
687 silly mapToRegistry using default registry
688 silly mapToRegistry registry https://registry.npmjs.org/
689 silly mapToRegistry uri https://registry.npmjs.org/concat-map
690 verbose request uri https://registry.npmjs.org/balanced-match
691 verbose request no auth needed
692 info attempt registry request try #1 at 8:31:34
693 verbose etag W/"768eec147806bc710f6b097c6384abbf"
694 verbose lastModified Sat, 26 May 2018 18:06:43 GMT
695 http request GET https://registry.npmjs.org/balanced-match
696 verbose request uri https://registry.npmjs.org/concat-map
697 verbose request no auth needed
698 info attempt registry request try #1 at 8:31:34
699 verbose etag W/"94c413d99b46c784f563e6153e58a1d4"
700 verbose lastModified Sat, 26 May 2018 20:40:55 GMT
701 http request GET https://registry.npmjs.org/concat-map
702 http 304 https://registry.npmjs.org/balanced-match
703 verbose headers { date: 'Thu, 24 Jan 2019 14:31:34 GMT',
703 verbose headers   connection: 'keep-alive',
703 verbose headers   'set-cookie':
703 verbose headers    [ '__cfduid=d63afd91df372725968323f6a3fecc5331548340294; expires=Fri, 24-Jan-20 14:31:34 GMT; path=/; domain=.registry.npmjs.org; HttpOnly' ],
703 verbose headers   'cf-cache-status': 'REVALIDATED',
703 verbose headers   'cache-control': 'max-age=300',
703 verbose headers   'cf-ray': '49e33455b81a9a46-MFE',
703 verbose headers   etag: '"768eec147806bc710f6b097c6384abbf"',
703 verbose headers   'expect-ct': 'max-age=604800, report-uri="https://report-uri.cloudflare.com/cdn-cgi/beacon/expect-ct"',
703 verbose headers   'last-modified': 'Sat, 26 May 2018 18:06:43 GMT',
703 verbose headers   vary: 'accept-encoding, accept',
703 verbose headers   server: 'cloudflare' }
704 silly get cb [ 304,
704 silly get   { date: 'Thu, 24 Jan 2019 14:31:34 GMT',
704 silly get     connection: 'keep-alive',
704 silly get     'set-cookie':
704 silly get      [ '__cfduid=d63afd91df372725968323f6a3fecc5331548340294; expires=Fri, 24-Jan-20 14:31:34 GMT; path=/; domain=.registry.npmjs.org; HttpOnly' ],
704 silly get     'cf-cache-status': 'REVALIDATED',
704 silly get     'cache-control': 'max-age=300',
704 silly get     'cf-ray': '49e33455b81a9a46-MFE',
704 silly get     etag: '"768eec147806bc710f6b097c6384abbf"',
704 silly get     'expect-ct': 'max-age=604800, report-uri="https://report-uri.cloudflare.com/cdn-cgi/beacon/expect-ct"',
704 silly get     'last-modified': 'Sat, 26 May 2018 18:06:43 GMT',
704 silly get     vary: 'accept-encoding, accept',
704 silly get     server: 'cloudflare' } ]
705 verbose etag https://registry.npmjs.org/balanced-match from cache
706 verbose get saving balanced-match to /home/laboratoria162-am/.npm/registry.npmjs.org/balanced-match/.cache.json
707 silly resolveWithNewModule balanced-match@1.0.0 checking installable status
708 silly cache add args [ 'balanced-match@^1.0.0', null ]
709 verbose cache add spec balanced-match@^1.0.0
710 silly cache add parsed spec Result {
710 silly cache add   raw: 'balanced-match@^1.0.0',
710 silly cache add   scope: null,
710 silly cache add   name: 'balanced-match',
710 silly cache add   rawSpec: '^1.0.0',
710 silly cache add   spec: '>=1.0.0 <2.0.0',
710 silly cache add   type: 'range' }
711 silly addNamed balanced-match@>=1.0.0 <2.0.0
712 verbose addNamed ">=1.0.0 <2.0.0" is a valid semver range for balanced-match
713 silly addNameRange { name: 'balanced-match',
713 silly addNameRange   range: '>=1.0.0 <2.0.0',
713 silly addNameRange   hasData: false }
714 silly mapToRegistry name balanced-match
715 silly mapToRegistry using default registry
716 silly mapToRegistry registry https://registry.npmjs.org/
717 silly mapToRegistry uri https://registry.npmjs.org/balanced-match
718 verbose addNameRange registry:https://registry.npmjs.org/balanced-match not in flight; fetching
719 verbose get https://registry.npmjs.org/balanced-match not expired, no request
720 silly addNameRange number 2 { name: 'balanced-match',
720 silly addNameRange   range: '>=1.0.0 <2.0.0',
720 silly addNameRange   hasData: true }
721 silly addNameRange versions [ 'balanced-match',
721 silly addNameRange   [ '0.0.0',
721 silly addNameRange     '0.0.1',
721 silly addNameRange     '0.1.0',
721 silly addNameRange     '0.2.0',
721 silly addNameRange     '0.2.1',
721 silly addNameRange     '0.3.0',
721 silly addNameRange     '0.4.0',
721 silly addNameRange     '0.4.1',
721 silly addNameRange     '0.4.2',
721 silly addNameRange     '1.0.0' ] ]
722 silly addNamed balanced-match@1.0.0
723 verbose addNamed "1.0.0" is a plain semver version for balanced-match
724 silly cache afterAdd balanced-match@1.0.0
725 verbose afterAdd /home/laboratoria162-am/.npm/balanced-match/1.0.0/package/package.json not in flight; writing
726 verbose afterAdd /home/laboratoria162-am/.npm/balanced-match/1.0.0/package/package.json written
727 http 304 https://registry.npmjs.org/concat-map
728 verbose headers { date: 'Thu, 24 Jan 2019 14:31:34 GMT',
728 verbose headers   connection: 'keep-alive',
728 verbose headers   'set-cookie':
728 verbose headers    [ '__cfduid=d63afd91df372725968323f6a3fecc5331548340294; expires=Fri, 24-Jan-20 14:31:34 GMT; path=/; domain=.registry.npmjs.org; HttpOnly' ],
728 verbose headers   'cf-cache-status': 'REVALIDATED',
728 verbose headers   'cache-control': 'max-age=300',
728 verbose headers   'cf-ray': '49e33455c81f9a46-MFE',
728 verbose headers   etag: '"94c413d99b46c784f563e6153e58a1d4"',
728 verbose headers   'expect-ct': 'max-age=604800, report-uri="https://report-uri.cloudflare.com/cdn-cgi/beacon/expect-ct"',
728 verbose headers   'last-modified': 'Sat, 26 May 2018 20:40:55 GMT',
728 verbose headers   vary: 'accept-encoding, accept',
728 verbose headers   server: 'cloudflare' }
729 silly get cb [ 304,
729 silly get   { date: 'Thu, 24 Jan 2019 14:31:34 GMT',
729 silly get     connection: 'keep-alive',
729 silly get     'set-cookie':
729 silly get      [ '__cfduid=d63afd91df372725968323f6a3fecc5331548340294; expires=Fri, 24-Jan-20 14:31:34 GMT; path=/; domain=.registry.npmjs.org; HttpOnly' ],
729 silly get     'cf-cache-status': 'REVALIDATED',
729 silly get     'cache-control': 'max-age=300',
729 silly get     'cf-ray': '49e33455c81f9a46-MFE',
729 silly get     etag: '"94c413d99b46c784f563e6153e58a1d4"',
729 silly get     'expect-ct': 'max-age=604800, report-uri="https://report-uri.cloudflare.com/cdn-cgi/beacon/expect-ct"',
729 silly get     'last-modified': 'Sat, 26 May 2018 20:40:55 GMT',
729 silly get     vary: 'accept-encoding, accept',
729 silly get     server: 'cloudflare' } ]
730 verbose etag https://registry.npmjs.org/concat-map from cache
731 verbose get saving concat-map to /home/laboratoria162-am/.npm/registry.npmjs.org/concat-map/.cache.json
732 silly resolveWithNewModule concat-map@0.0.1 checking installable status
733 silly cache add args [ 'concat-map@0.0.1', null ]
734 verbose cache add spec concat-map@0.0.1
735 silly cache add parsed spec Result {
735 silly cache add   raw: 'concat-map@0.0.1',
735 silly cache add   scope: null,
735 silly cache add   name: 'concat-map',
735 silly cache add   rawSpec: '0.0.1',
735 silly cache add   spec: '0.0.1',
735 silly cache add   type: 'version' }
736 silly addNamed concat-map@0.0.1
737 verbose addNamed "0.0.1" is a plain semver version for concat-map
738 silly mapToRegistry name concat-map
739 silly mapToRegistry using default registry
740 silly mapToRegistry registry https://registry.npmjs.org/
741 silly mapToRegistry uri https://registry.npmjs.org/concat-map
742 verbose addNameVersion registry:https://registry.npmjs.org/concat-map not in flight; fetching
743 verbose get https://registry.npmjs.org/concat-map not expired, no request
744 silly cache afterAdd concat-map@0.0.1
745 verbose afterAdd /home/laboratoria162-am/.npm/concat-map/0.0.1/package/package.json not in flight; writing
746 verbose afterAdd /home/laboratoria162-am/.npm/concat-map/0.0.1/package/package.json written
747 silly fetchNamedPackageData minimist
748 silly mapToRegistry name minimist
749 silly mapToRegistry using default registry
750 silly mapToRegistry registry https://registry.npmjs.org/
751 silly mapToRegistry uri https://registry.npmjs.org/minimist
752 verbose request uri https://registry.npmjs.org/minimist
753 verbose request no auth needed
754 info attempt registry request try #1 at 8:31:34
755 verbose etag W/"9dfbe33104f5b8b3939e22efda3e8529"
756 verbose lastModified Fri, 04 Jan 2019 19:41:42 GMT
757 http request GET https://registry.npmjs.org/minimist
758 http 304 https://registry.npmjs.org/minimist
759 verbose headers { date: 'Thu, 24 Jan 2019 14:31:34 GMT',
759 verbose headers   connection: 'keep-alive',
759 verbose headers   'set-cookie':
759 verbose headers    [ '__cfduid=d57d85e3966c4b5f1259b91a39f7d3a911548340294; expires=Fri, 24-Jan-20 14:31:34 GMT; path=/; domain=.registry.npmjs.org; HttpOnly' ],
759 verbose headers   'cf-cache-status': 'HIT',
759 verbose headers   'cache-control': 'max-age=300',
759 verbose headers   'cf-ray': '49e334583ba99a40-MFE',
759 verbose headers   etag: '"9dfbe33104f5b8b3939e22efda3e8529"',
759 verbose headers   'expect-ct': 'max-age=604800, report-uri="https://report-uri.cloudflare.com/cdn-cgi/beacon/expect-ct"',
759 verbose headers   'last-modified': 'Fri, 04 Jan 2019 19:41:42 GMT',
759 verbose headers   vary: 'accept-encoding, accept',
759 verbose headers   'x-amz-meta-rev': '553-2cf91eb33542937a55c888f7eadc2f1e',
759 verbose headers   server: 'cloudflare' }
760 silly get cb [ 304,
760 silly get   { date: 'Thu, 24 Jan 2019 14:31:34 GMT',
760 silly get     connection: 'keep-alive',
760 silly get     'set-cookie':
760 silly get      [ '__cfduid=d57d85e3966c4b5f1259b91a39f7d3a911548340294; expires=Fri, 24-Jan-20 14:31:34 GMT; path=/; domain=.registry.npmjs.org; HttpOnly' ],
760 silly get     'cf-cache-status': 'HIT',
760 silly get     'cache-control': 'max-age=300',
760 silly get     'cf-ray': '49e334583ba99a40-MFE',
760 silly get     etag: '"9dfbe33104f5b8b3939e22efda3e8529"',
760 silly get     'expect-ct': 'max-age=604800, report-uri="https://report-uri.cloudflare.com/cdn-cgi/beacon/expect-ct"',
760 silly get     'last-modified': 'Fri, 04 Jan 2019 19:41:42 GMT',
760 silly get     vary: 'accept-encoding, accept',
760 silly get     'x-amz-meta-rev': '553-2cf91eb33542937a55c888f7eadc2f1e',
760 silly get     server: 'cloudflare' } ]
761 verbose etag https://registry.npmjs.org/minimist from cache
762 verbose get saving minimist to /home/laboratoria162-am/.npm/registry.npmjs.org/minimist/.cache.json
763 silly resolveWithNewModule minimist@0.0.8 checking installable status
764 silly cache add args [ 'minimist@0.0.8', null ]
765 verbose cache add spec minimist@0.0.8
766 silly cache add parsed spec Result {
766 silly cache add   raw: 'minimist@0.0.8',
766 silly cache add   scope: null,
766 silly cache add   name: 'minimist',
766 silly cache add   rawSpec: '0.0.8',
766 silly cache add   spec: '0.0.8',
766 silly cache add   type: 'version' }
767 silly addNamed minimist@0.0.8
768 verbose addNamed "0.0.8" is a plain semver version for minimist
769 silly mapToRegistry name minimist
770 silly mapToRegistry using default registry
771 silly mapToRegistry registry https://registry.npmjs.org/
772 silly mapToRegistry uri https://registry.npmjs.org/minimist
773 verbose addNameVersion registry:https://registry.npmjs.org/minimist not in flight; fetching
774 verbose get https://registry.npmjs.org/minimist not expired, no request
775 silly cache afterAdd minimist@0.0.8
776 verbose afterAdd /home/laboratoria162-am/.npm/minimist/0.0.8/package/package.json not in flight; writing
777 verbose afterAdd /home/laboratoria162-am/.npm/minimist/0.0.8/package/package.json written
778 silly fetchNamedPackageData has-flag
779 silly mapToRegistry name has-flag
780 silly mapToRegistry using default registry
781 silly mapToRegistry registry https://registry.npmjs.org/
782 silly mapToRegistry uri https://registry.npmjs.org/has-flag
783 verbose request uri https://registry.npmjs.org/has-flag
784 verbose request no auth needed
785 info attempt registry request try #1 at 8:31:34
786 verbose etag W/"cadac1c1cc1ff622672831a21871ceca"
787 verbose lastModified Sun, 27 May 2018 03:34:16 GMT
788 http request GET https://registry.npmjs.org/has-flag
789 http 304 https://registry.npmjs.org/has-flag
790 verbose headers { date: 'Thu, 24 Jan 2019 14:31:34 GMT',
790 verbose headers   connection: 'keep-alive',
790 verbose headers   'set-cookie':
790 verbose headers    [ '__cfduid=dc0e99a8ba79eb34184c6f698a8f1f1851548340294; expires=Fri, 24-Jan-20 14:31:34 GMT; path=/; domain=.registry.npmjs.org; HttpOnly' ],
790 verbose headers   'cf-cache-status': 'HIT',
790 verbose headers   'cache-control': 'max-age=300',
790 verbose headers   'cf-ray': '49e33458a8829a2e-MFE',
790 verbose headers   etag: '"cadac1c1cc1ff622672831a21871ceca"',
790 verbose headers   'expect-ct': 'max-age=604800, report-uri="https://report-uri.cloudflare.com/cdn-cgi/beacon/expect-ct"',
790 verbose headers   'last-modified': 'Sun, 27 May 2018 03:34:16 GMT',
790 verbose headers   vary: 'accept-encoding, accept',
790 verbose headers   server: 'cloudflare' }
791 silly get cb [ 304,
791 silly get   { date: 'Thu, 24 Jan 2019 14:31:34 GMT',
791 silly get     connection: 'keep-alive',
791 silly get     'set-cookie':
791 silly get      [ '__cfduid=dc0e99a8ba79eb34184c6f698a8f1f1851548340294; expires=Fri, 24-Jan-20 14:31:34 GMT; path=/; domain=.registry.npmjs.org; HttpOnly' ],
791 silly get     'cf-cache-status': 'HIT',
791 silly get     'cache-control': 'max-age=300',
791 silly get     'cf-ray': '49e33458a8829a2e-MFE',
791 silly get     etag: '"cadac1c1cc1ff622672831a21871ceca"',
791 silly get     'expect-ct': 'max-age=604800, report-uri="https://report-uri.cloudflare.com/cdn-cgi/beacon/expect-ct"',
791 silly get     'last-modified': 'Sun, 27 May 2018 03:34:16 GMT',
791 silly get     vary: 'accept-encoding, accept',
791 silly get     server: 'cloudflare' } ]
792 verbose etag https://registry.npmjs.org/has-flag from cache
793 verbose get saving has-flag to /home/laboratoria162-am/.npm/registry.npmjs.org/has-flag/.cache.json
794 silly resolveWithNewModule has-flag@3.0.0 checking installable status
795 silly cache add args [ 'has-flag@^3.0.0', null ]
796 verbose cache add spec has-flag@^3.0.0
797 silly cache add parsed spec Result {
797 silly cache add   raw: 'has-flag@^3.0.0',
797 silly cache add   scope: null,
797 silly cache add   name: 'has-flag',
797 silly cache add   rawSpec: '^3.0.0',
797 silly cache add   spec: '>=3.0.0 <4.0.0',
797 silly cache add   type: 'range' }
798 silly addNamed has-flag@>=3.0.0 <4.0.0
799 verbose addNamed ">=3.0.0 <4.0.0" is a valid semver range for has-flag
800 silly addNameRange { name: 'has-flag', range: '>=3.0.0 <4.0.0', hasData: false }
801 silly mapToRegistry name has-flag
802 silly mapToRegistry using default registry
803 silly mapToRegistry registry https://registry.npmjs.org/
804 silly mapToRegistry uri https://registry.npmjs.org/has-flag
805 verbose addNameRange registry:https://registry.npmjs.org/has-flag not in flight; fetching
806 verbose get https://registry.npmjs.org/has-flag not expired, no request
807 silly addNameRange number 2 { name: 'has-flag', range: '>=3.0.0 <4.0.0', hasData: true }
808 silly addNameRange versions [ 'has-flag', [ '1.0.0', '2.0.0', '3.0.0' ] ]
809 silly addNamed has-flag@3.0.0
810 verbose addNamed "3.0.0" is a plain semver version for has-flag
811 silly cache afterAdd has-flag@3.0.0
812 verbose afterAdd /home/laboratoria162-am/.npm/has-flag/3.0.0/package/package.json not in flight; writing
813 verbose afterAdd /home/laboratoria162-am/.npm/has-flag/3.0.0/package/package.json written
814 silly loadAllDepsIntoIdealTree Finishing
815 silly idealTree:prePrune lib
815 silly idealTree:prePrune  mocha@5.2.0
815 silly idealTree:prePrune    balanced-match@1.0.0
815 silly idealTree:prePrune    brace-expansion@1.1.11
815 silly idealTree:prePrune    browser-stdout@1.3.1
815 silly idealTree:prePrune    commander@2.15.1
815 silly idealTree:prePrune    concat-map@0.0.1
815 silly idealTree:prePrune    debug@3.1.0
815 silly idealTree:prePrune    diff@3.5.0
815 silly idealTree:prePrune    escape-string-regexp@1.0.5
815 silly idealTree:prePrune    fs.realpath@1.0.0
815 silly idealTree:prePrune    glob@7.1.2
815 silly idealTree:prePrune    growl@1.10.5
815 silly idealTree:prePrune    has-flag@3.0.0
815 silly idealTree:prePrune    he@1.1.1
815 silly idealTree:prePrune    inflight@1.0.6
815 silly idealTree:prePrune    inherits@2.0.3
815 silly idealTree:prePrune    minimatch@3.0.4
815 silly idealTree:prePrune    minimist@0.0.8
815 silly idealTree:prePrune    mkdirp@0.5.1
815 silly idealTree:prePrune    ms@2.0.0
815 silly idealTree:prePrune    once@1.4.0
815 silly idealTree:prePrune    path-is-absolute@1.0.1
815 silly idealTree:prePrune    supports-color@5.4.0
815 silly idealTree:prePrune    wrappy@1.0.2
816 silly loadIdealTree Finishing
817 silly currentTree lib
818 silly idealTree lib
818 silly idealTree  mocha@5.2.0
818 silly idealTree    balanced-match@1.0.0
818 silly idealTree    brace-expansion@1.1.11
818 silly idealTree    browser-stdout@1.3.1
818 silly idealTree    commander@2.15.1
818 silly idealTree    concat-map@0.0.1
818 silly idealTree    debug@3.1.0
818 silly idealTree    diff@3.5.0
818 silly idealTree    escape-string-regexp@1.0.5
818 silly idealTree    fs.realpath@1.0.0
818 silly idealTree    glob@7.1.2
818 silly idealTree    growl@1.10.5
818 silly idealTree    has-flag@3.0.0
818 silly idealTree    he@1.1.1
818 silly idealTree    inflight@1.0.6
818 silly idealTree    inherits@2.0.3
818 silly idealTree    minimatch@3.0.4
818 silly idealTree    minimist@0.0.8
818 silly idealTree    mkdirp@0.5.1
818 silly idealTree    ms@2.0.0
818 silly idealTree    once@1.4.0
818 silly idealTree    path-is-absolute@1.0.1
818 silly idealTree    supports-color@5.4.0
818 silly idealTree    wrappy@1.0.2
819 silly generateActionsToTake Starting
820 silly install generateActionsToTake
821 warn checkPermissions Missing write access to /usr/local/lib
822 silly rollbackFailedOptional Starting
823 silly rollbackFailedOptional Finishing
824 silly runTopLevelLifecycles Starting
825 silly runTopLevelLifecycles Finishing
826 silly install printInstalled
827 verbose stack Error: EACCES: permission denied, access '/usr/local/lib'
828 verbose cwd /home/laboratoria162-am/Documentos/Laboratoria/cdmx-2019-01-bc-core-am-cipher
829 error Linux 4.15.0-43-generic
830 error argv "/usr/bin/node" "/usr/bin/npm" "i" "-g" "mocha"
831 error node v8.10.0
832 error npm  v3.5.2
833 error path /usr/local/lib
834 error code EACCES
835 error errno -13
836 error syscall access
837 error Error: EACCES: permission denied, access '/usr/local/lib'
837 error  { Error: EACCES: permission denied, access '/usr/local/lib'
837 error   errno: -13,
837 error   code: 'EACCES',
837 error   syscall: 'access',
837 error   path: '/usr/local/lib' }
838 error Please try running this command again as root/Administrator.
839 verbose exit [ -13, true ]
